Log file open, 04/07/23 02:20:58
LogWindows: Failed to load 'aqProf.dll' (GetLastError=126)
LogWindows: File 'aqProf.dll' does not exist
LogWindows: Failed to load 'VtuneApi.dll' (GetLastError=126)
LogWindows: File 'VtuneApi.dll' does not exist
LogWindows: Failed to load 'VtuneApi32e.dll' (GetLastError=126)
LogWindows: File 'VtuneApi32e.dll' does not exist
LogConsoleResponse: Display: Failed to find resolution value strings in scalability ini. Falling back to default.
LogConsoleResponse: Display: Failed to find resolution value strings in scalability ini. Falling back to default.
LogInit: Display: Running engine for game: ProjectModule27
LogPlatformFile: Not using cached read wrapper
LogTaskGraph: Started task graph with 5 named threads and 47 total threads with 3 sets of task threads.
LogStats: Stats thread started at 0.297178
LogICUInternationalization: ICU TimeZone Detection - Raw Offset: -3:00, Platform Override: ''
LogInit: Display: Loading text-based GConfig....
LogPluginManager: Mounting plugin MegascansPlugin
LogPluginManager: Mounting plugin MeshPainting
LogPluginManager: Mounting plugin XGEController
LogPluginManager: Mounting plugin Paper2D
LogPluginManager: Mounting plugin AISupport
LogPluginManager: Mounting plugin EnvironmentQueryEditor
LogPluginManager: Mounting plugin LightPropagationVolume
LogPluginManager: Mounting plugin LiveLink
LogPluginManager: Mounting plugin OodleData
LogPluginManager: Mounting plugin OodleNetwork
LogPluginManager: Mounting plugin CLionSourceCodeAccess
LogPluginManager: Mounting plugin AnimationSharing
LogPluginManager: Mounting plugin GitSourceControl
LogPluginManager: Mounting plugin NullSourceCodeAccess
LogPluginManager: Mounting plugin CryptoKeys
LogPluginManager: Mounting plugin DataValidation
LogPluginManager: Mounting plugin CameraShakePreviewer
LogPluginManager: Mounting plugin CodeLiteSourceCodeAccess
LogPluginManager: Mounting plugin CurveEditorTools
LogPluginManager: Mounting plugin KDevelopSourceCodeAccess
LogPluginManager: Mounting plugin GameplayCameras
LogPluginManager: Mounting plugin EditorScriptingUtilities
LogPluginManager: Mounting plugin PerforceSourceControl
LogPluginManager: Mounting plugin GameplayTagsEditor
LogPluginManager: Mounting plugin FacialAnimation
LogPluginManager: Mounting plugin PlasticSourceControl
LogPluginManager: Mounting plugin PluginUtils
LogPluginManager: Mounting plugin SubversionSourceControl
LogPluginManager: Mounting plugin PropertyAccessNode
LogPluginManager: Mounting plugin PixWinPlugin
LogPluginManager: Mounting plugin GeometryMode
LogPluginManager: Mounting plugin UObjectPlugin
LogPluginManager: Mounting plugin TextureFormatOodle
LogPluginManager: Mounting plugin XCodeSourceCodeAccess
LogPluginManager: Mounting plugin MacGraphicsSwitching
LogPluginManager: Mounting plugin PluginBrowser
LogPluginManager: Mounting plugin VisualStudioCodeSourceCodeAccess
LogPluginManager: Mounting plugin MobileLauncherProfileWizard
LogPluginManager: Mounting plugin SpeedTreeImporter
LogPluginManager: Mounting plugin AssetManagerEditor
LogPluginManager: Mounting plugin AutomationUtils
LogPluginManager: Mounting plugin BackChannel
LogPluginManager: Mounting plugin VisualStudioSourceCodeAccess
LogPluginManager: Mounting plugin ChaosCloth
LogPluginManager: Mounting plugin ChaosEditor
LogPluginManager: Mounting plugin MaterialAnalyzer
LogPluginManager: Mounting plugin AlembicImporter
LogPluginManager: Mounting plugin ChaosSolverPlugin
LogPluginManager: Mounting plugin ChaosNiagara
LogPluginManager: Mounting plugin CharacterAI
LogPluginManager: Mounting plugin RiderSourceCodeAccess
LogPluginManager: Mounting plugin ChaosClothEditor
LogPluginManager: Mounting plugin AndroidMedia
LogPluginManager: Mounting plugin AvfMedia
LogPluginManager: Mounting plugin DatasmithContent
LogPluginManager: Mounting plugin VariantManagerContent
LogPluginManager: Mounting plugin MediaCompositing
LogPluginManager: Mounting plugin ImgMedia
LogPluginManager: Mounting plugin MediaPlayerEditor
LogPluginManager: Mounting plugin WebMMedia
LogPluginManager: Mounting plugin TcpMessaging
LogPluginManager: Mounting plugin UdpMessaging
LogPluginManager: Mounting plugin WmfMedia
LogPluginManager: Mounting plugin OnlineSubsystem
LogPluginManager: Mounting plugin MagicLeap
LogPluginManager: Mounting plugin LuminPlatformFeatures
LogPluginManager: Mounting plugin OnlineSubsystemUtils
LogPluginManager: Mounting plugin MagicLeapLightEstimation
LogPluginManager: Mounting plugin MagicLeapMedia
LogPluginManager: Mounting plugin MagicLeapPassableWorld
LogPluginManager: Mounting plugin OnlineSubsystemNull
LogPluginManager: Mounting plugin MLSDK
LogPluginManager: Mounting plugin MatineeToLevelSequence
LogPluginManager: Mounting plugin Niagara
LogPluginManager: Mounting plugin LauncherChunkInstaller
LogPluginManager: Mounting plugin ActorLayerUtilities
LogPluginManager: Mounting plugin AndroidDeviceProfileSelector
LogPluginManager: Mounting plugin AndroidMoviePlayer
LogPluginManager: Mounting plugin AndroidPermission
LogPluginManager: Mounting plugin AppleMoviePlayer
LogPluginManager: Mounting plugin AssetTags
LogPluginManager: Mounting plugin AppleImageUtils
LogPluginManager: Mounting plugin LevelSequenceEditor
LogPluginManager: Mounting plugin ArchVisCharacter
LogPluginManager: Mounting plugin AudioSynesthesia
LogPluginManager: Mounting plugin AudioCapture
LogPluginManager: Mounting plugin CableComponent
LogPluginManager: Mounting plugin TemplateSequence
LogPluginManager: Mounting plugin CustomMeshComponent
LogPluginManager: Mounting plugin ChunkDownloader
LogPluginManager: Mounting plugin EditableMesh
LogPluginManager: Mounting plugin ExampleDeviceProfileSelector
LogPluginManager: Mounting plugin GeometryCache
LogPluginManager: Mounting plugin GeometryCollectionPlugin
LogPluginManager: Mounting plugin MotoSynth
LogPluginManager: Mounting plugin GeometryProcessing
LogPluginManager: Mounting plugin OpenImageDenoise
LogPluginManager: Mounting plugin PlanarCut
LogPluginManager: Mounting plugin PlatformCrypto
LogPluginManager: Mounting plugin PythonScriptPlugin
LogPluginManager: Mounting plugin ProxyLODPlugin
LogPluginManager: Mounting plugin GoogleCloudMessaging
LogPluginManager: Mounting plugin GooglePAD
LogPluginManager: Mounting plugin IOSDeviceProfileSelector
LogPluginManager: Mounting plugin LinuxDeviceProfileSelector
LogPluginManager: Mounting plugin ActorSequence
LogPluginManager: Mounting plugin LocationServicesBPLibrary
LogPluginManager: Mounting plugin MobilePatchingUtils
LogPluginManager: Mounting plugin OpenXREyeTracker
LogPluginManager: Mounting plugin OpenXR
LogPluginManager: Mounting plugin SkeletalReduction
LogPluginManager: Mounting plugin PhysXVehicles
LogPluginManager: Mounting plugin PostSplashScreen
LogPluginManager: Mounting plugin PropertyAccessEditor
LogPluginManager: Mounting plugin ProceduralMeshComponent
LogPluginManager: Mounting plugin RuntimePhysXCooking
LogPluginManager: Mounting plugin SoundFields
LogPluginManager: Mounting plugin OpenXRHandTracking
LogPluginManager: Mounting plugin ScreenshotTools
LogPluginManager: Mounting plugin SignificanceManager
LogPluginManager: Mounting plugin Takes
LogPluginManager: Mounting plugin WebMMoviePlayer
LogPluginManager: Mounting plugin WindowsMoviePlayer
LogPluginManager: Mounting plugin Synthesis
LogPluginManager: Mounting plugin ContentBrowserClassDataSource
LogPluginManager: Mounting plugin ContentBrowserAssetDataSource
LogPluginManager: Mounting plugin ContentBrowserFileDataSource
LogPluginManager: Mounting plugin OnlineSubsystemGooglePlay
LogPluginManager: Mounting plugin OnlineSubsystemIOS
LogPluginManager: Mounting plugin DatabaseSupport
LogPluginManager: Mounting plugin SQLiteCore
LogPluginManager: Mounting plugin SQLiteSupport
LogPluginManager: Mounting plugin OculusVR
LogPluginManager: Mounting plugin SteamVR
PixWinPlugin: PIX capture plugin failed to initialize! Check that the process is launched from PIX.
LogInit: Using libcurl 7.55.1-DEV
LogInit:  - built for x86_64-pc-win32
LogInit:  - supports SSL with OpenSSL/1.1.1
LogInit:  - supports HTTP deflate (compression) using libz 1.2.8
LogInit:  - other features:
LogInit:      CURL_VERSION_SSL
LogInit:      CURL_VERSION_LIBZ
LogInit:      CURL_VERSION_IPV6
LogInit:      CURL_VERSION_ASYNCHDNS
LogInit:      CURL_VERSION_LARGEFILE
LogInit:      CURL_VERSION_IDN
LogInit:  CurlRequestOptions (configurable via config and command line):
LogInit:  - bVerifyPeer = true  - Libcurl will verify peer certificate
LogInit:  - bUseHttpProxy = false  - Libcurl will NOT use HTTP proxy
LogInit:  - bDontReuseConnections = false  - Libcurl will reuse connections
LogInit:  - MaxHostConnections = 16  - Libcurl will limit the number of connections to a host
LogInit:  - LocalHostAddr = Default
LogInit:  - BufferSize = 65536
LogOnline: OSS: Creating online subsystem instance for: NULL
LogInit: WinSock: version 1.1 (2.2), MaxSocks=32767, MaxUdp=65467
LogOnline: OSS: TryLoadSubsystemAndSetDefault: Loaded subsystem for module [NULL]
LogOculusPluginWrapper: OculusPlugin initialized successfully
LogHMD: Failed initializing OVRPlugin 1.59.0
LogInit: Build: ++UE4+Release-4.27-CL-18319896
LogInit: Engine Version: 4.27.2-18319896+++UE4+Release-4.27
LogInit: Compatible Engine Version: 4.27.0-17155196+++UE4+Release-4.27
LogInit: Net CL: 17155196
LogInit: OS: Windows 10 (Release 2009) (), CPU: 11th Gen Intel(R) Core(TM) i7-11800H @ 2.30GHz, GPU: Intel(R) UHD Graphics
LogInit: Compiled (64-bit): Nov 30 2021 07:12:08
LogInit: Compiled with Visual C++: 19.24.28315.00
LogInit: Build Configuration: Development
LogInit: Branch Name: ++UE4+Release-4.27
LogInit: Command Line: 
LogInit: Base Directory: C:/Program Files/Epic Games/UE_4.27/Engine/Binaries/Win64/
LogInit: Allocator: TBB
LogInit: Installed Engine Build: 1
LogDevObjectVersion: Number of dev versions registered: 29
LogDevObjectVersion:   Dev-Blueprints (B0D832E4-1F89-4F0D-ACCF-7EB736FD4AA2): 10
LogDevObjectVersion:   Dev-Build (E1C64328-A22C-4D53-A36C-8E866417BD8C): 0
LogDevObjectVersion:   Dev-Core (375EC13C-06E4-48FB-B500-84F0262A717E): 4
LogDevObjectVersion:   Dev-Editor (E4B068ED-F494-42E9-A231-DA0B2E46BB41): 40
LogDevObjectVersion:   Dev-Framework (CFFC743F-43B0-4480-9391-14DF171D2073): 37
LogDevObjectVersion:   Dev-Mobile (B02B49B5-BB20-44E9-A304-32B752E40360): 3
LogDevObjectVersion:   Dev-Networking (A4E4105C-59A1-49B5-A7C5-40C4547EDFEE): 0
LogDevObjectVersion:   Dev-Online (39C831C9-5AE6-47DC-9A44-9C173E1C8E7C): 0
LogDevObjectVersion:   Dev-Physics (78F01B33-EBEA-4F98-B9B4-84EACCB95AA2): 14
LogDevObjectVersion:   Dev-Platform (6631380F-2D4D-43E0-8009-CF276956A95A): 0
LogDevObjectVersion:   Dev-Rendering (12F88B9F-8875-4AFC-A67C-D90C383ABD29): 45
LogDevObjectVersion:   Dev-Sequencer (7B5AE74C-D270-4C10-A958-57980B212A5A): 13
LogDevObjectVersion:   Dev-VR (D7296918-1DD6-4BDD-9DE2-64A83CC13884): 3
LogDevObjectVersion:   Dev-LoadTimes (C2A15278-BFE7-4AFE-6C17-90FF531DF755): 1
LogDevObjectVersion:   Private-Geometry (6EACA3D4-40EC-4CC1-B786-8BED09428FC5): 3
LogDevObjectVersion:   Dev-AnimPhys (29E575DD-E0A3-4627-9D10-D276232CDCEA): 17
LogDevObjectVersion:   Dev-Anim (AF43A65D-7FD3-4947-9873-3E8ED9C1BB05): 15
LogDevObjectVersion:   Dev-ReflectionCapture (6B266CEC-1EC7-4B8F-A30B-E4D90942FC07): 1
LogDevObjectVersion:   Dev-Automation (0DF73D61-A23F-47EA-B727-89E90C41499A): 1
LogDevObjectVersion:   FortniteMain (601D1886-AC64-4F84-AA16-D3DE0DEAC7D6): 47
LogDevObjectVersion:   FortniteRelease (E7086368-6B23-4C58-8439-1B7016265E91): 1
LogDevObjectVersion:   Dev-Enterprise (9DFFBCD6-494F-0158-E221-12823C92A888): 10
LogDevObjectVersion:   Dev-Niagara (F2AED0AC-9AFE-416F-8664-AA7FFA26D6FC): 1
LogDevObjectVersion:   Dev-Destruction (174F1F0B-B4C6-45A5-B13F-2EE8D0FB917D): 10
LogDevObjectVersion:   Dev-Physics-Ext (35F94A83-E258-406C-A318-09F59610247C): 41
LogDevObjectVersion:   Dev-PhysicsMaterial-Chaos (B68FC16E-8B1B-42E2-B453-215C058844FE): 1
LogDevObjectVersion:   Dev-CineCamera (B2E18506-4273-CFC2-A54E-F4BB758BBA07): 1
LogDevObjectVersion:   Dev-VirtualProduction (64F58936-FD1B-42BA-BA96-7289D5D0FA4E): 1
LogDevObjectVersion:   Dev-MediaFramework (6F0ED827-A609-4895-9C91-998D90180EA4): 2
LogInit: Presizing for max 25165824 objects, including 0 objects not considered by GC, pre-allocating 0 bytes for permanent pool.
LogConfig: Applying CVar settings from Section [/Script/Engine.StreamingSettings] File [C:/Users/Renan/Projects/UnrealProjects/ProjectModule28/Saved/Config/Windows/Engine.ini]
LogConfig: Setting CVar [[s.MinBulkDataSizeForAsyncLoading:131072]]
LogConfig: Setting CVar [[s.AsyncLoadingThreadEnabled:0]]
LogConfig: Setting CVar [[s.EventDrivenLoaderEnabled:1]]
LogConfig: Setting CVar [[s.WarnIfTimeLimitExceeded:0]]
LogConfig: Setting CVar [[s.TimeLimitExceededMultiplier:1.5]]
LogConfig: Setting CVar [[s.TimeLimitExceededMinTime:0.005]]
LogConfig: Setting CVar [[s.UseBackgroundLevelStreaming:1]]
LogConfig: Setting CVar [[s.PriorityAsyncLoadingExtraTime:15.0]]
LogConfig: Setting CVar [[s.LevelStreamingActorsUpdateTimeLimit:5.0]]
LogConfig: Setting CVar [[s.PriorityLevelStreamingActorsUpdateExtraTime:5.0]]
LogConfig: Setting CVar [[s.LevelStreamingComponentsRegistrationGranularity:10]]
LogConfig: Setting CVar [[s.UnregisterComponentsTimeLimit:1.0]]
LogConfig: Setting CVar [[s.LevelStreamingComponentsUnregistrationGranularity:5]]
LogConfig: Setting CVar [[s.FlushStreamingOnExit:1]]
LogInit: Object subsystem initialized
LogConfig: Setting CVar [[con.DebugEarlyDefault:1]]
LogConfig: Setting CVar [[r.setres:1280x720]]
[2023.04.07-05.20.58:892][  0]LogConfig: Setting CVar [[r.VSync:0]]
[2023.04.07-05.20.58:892][  0]LogConfig: Setting CVar [[r.RHICmdBypass:0]]
[2023.04.07-05.20.58:892][  0]LogConfig: Applying CVar settings from Section [/Script/Engine.RendererSettings] File [C:/Users/Renan/Projects/UnrealProjects/ProjectModule28/Saved/Config/Windows/Engine.ini]
[2023.04.07-05.20.58:892][  0]LogConfig: Setting CVar [[r.GPUCrashDebugging:0]]
[2023.04.07-05.20.58:892][  0]LogConfig: Setting CVar [[r.MobileHDR:0]]
[2023.04.07-05.20.58:892][  0]LogConfig: Applying CVar settings from Section [/Script/Engine.RendererOverrideSettings] File [C:/Users/Renan/Projects/UnrealProjects/ProjectModule28/Saved/Config/Windows/Engine.ini]
[2023.04.07-05.20.58:892][  0]LogConfig: Applying CVar settings from Section [/Script/Engine.StreamingSettings] File [C:/Users/Renan/Projects/UnrealProjects/ProjectModule28/Saved/Config/Windows/Engine.ini]
[2023.04.07-05.20.58:892][  0]LogConfig: Setting CVar [[s.MinBulkDataSizeForAsyncLoading:131072]]
[2023.04.07-05.20.58:892][  0]LogConfig: Setting CVar [[s.AsyncLoadingThreadEnabled:0]]
[2023.04.07-05.20.58:892][  0]LogConfig: Setting CVar [[s.EventDrivenLoaderEnabled:1]]
[2023.04.07-05.20.58:892][  0]LogConfig: Setting CVar [[s.WarnIfTimeLimitExceeded:0]]
[2023.04.07-05.20.58:892][  0]LogConfig: Setting CVar [[s.TimeLimitExceededMultiplier:1.5]]
[2023.04.07-05.20.58:892][  0]LogConfig: Setting CVar [[s.TimeLimitExceededMinTime:0.005]]
[2023.04.07-05.20.58:892][  0]LogConfig: Setting CVar [[s.UseBackgroundLevelStreaming:1]]
[2023.04.07-05.20.58:892][  0]LogConfig: Setting CVar [[s.PriorityAsyncLoadingExtraTime:15.0]]
[2023.04.07-05.20.58:892][  0]LogConfig: Setting CVar [[s.LevelStreamingActorsUpdateTimeLimit:5.0]]
[2023.04.07-05.20.58:892][  0]LogConfig: Setting CVar [[s.PriorityLevelStreamingActorsUpdateExtraTime:5.0]]
[2023.04.07-05.20.58:893][  0]LogConfig: Setting CVar [[s.LevelStreamingComponentsRegistrationGranularity:10]]
[2023.04.07-05.20.58:893][  0]LogConfig: Setting CVar [[s.UnregisterComponentsTimeLimit:1.0]]
[2023.04.07-05.20.58:893][  0]LogConfig: Setting CVar [[s.LevelStreamingComponentsUnregistrationGranularity:5]]
[2023.04.07-05.20.58:893][  0]LogConfig: Setting CVar [[s.FlushStreamingOnExit:1]]
[2023.04.07-05.20.58:893][  0]LogConfig: Applying CVar settings from Section [/Script/Engine.GarbageCollectionSettings] File [C:/Users/Renan/Projects/UnrealProjects/ProjectModule28/Saved/Config/Windows/Engine.ini]
[2023.04.07-05.20.58:893][  0]LogConfig: Setting CVar [[gc.MaxObjectsNotConsideredByGC:1]]
[2023.04.07-05.20.58:893][  0]LogConfig: Setting CVar [[gc.SizeOfPermanentObjectPool:0]]
[2023.04.07-05.20.58:893][  0]LogConfig: Setting CVar [[gc.FlushStreamingOnGC:0]]
[2023.04.07-05.20.58:893][  0]LogConfig: Setting CVar [[gc.NumRetriesBeforeForcingGC:10]]
[2023.04.07-05.20.58:893][  0]LogConfig: Setting CVar [[gc.AllowParallelGC:1]]
[2023.04.07-05.20.58:893][  0]LogConfig: Setting CVar [[gc.TimeBetweenPurgingPendingKillObjects:61.1]]
[2023.04.07-05.20.58:893][  0]LogConfig: Setting CVar [[gc.MaxObjectsInEditor:25165824]]
[2023.04.07-05.20.58:893][  0]LogConfig: Setting CVar [[gc.IncrementalBeginDestroyEnabled:1]]
[2023.04.07-05.20.58:893][  0]LogConfig: Setting CVar [[gc.CreateGCClusters:1]]
[2023.04.07-05.20.58:893][  0]LogConfig: Setting CVar [[gc.MinGCClusterSize:5]]
[2023.04.07-05.20.58:893][  0]LogConfig: Setting CVar [[gc.ActorClusteringEnabled:0]]
[2023.04.07-05.20.58:893][  0]LogConfig: Setting CVar [[gc.BlueprintClusteringEnabled:0]]
[2023.04.07-05.20.58:893][  0]LogConfig: Setting CVar [[gc.UseDisregardForGCOnDedicatedServers:0]]
[2023.04.07-05.20.58:893][  0]LogConfig: Setting CVar [[gc.MultithreadedDestructionEnabled:1]]
[2023.04.07-05.20.58:893][  0]LogConfig: Applying CVar settings from Section [/Script/Engine.NetworkSettings] File [C:/Users/Renan/Projects/UnrealProjects/ProjectModule28/Saved/Config/Windows/Engine.ini]
[2023.04.07-05.20.58:893][  0]LogConfig: Applying CVar settings from Section [/Script/UnrealEd.CookerSettings] File [C:/Users/Renan/Projects/UnrealProjects/ProjectModule28/Saved/Config/Windows/Engine.ini]
[2023.04.07-05.20.58:924][  0]LogConfig: Applying CVar settings from Section [ViewDistanceQuality@3] File [C:/Users/Renan/Projects/UnrealProjects/ProjectModule28/Saved/Config/Windows/Scalability.ini]
[2023.04.07-05.20.58:924][  0]LogConfig: Setting CVar [[r.SkeletalMeshLODBias:0]]
[2023.04.07-05.20.58:924][  0]LogConfig: Setting CVar [[r.ViewDistanceScale:1.0]]
[2023.04.07-05.20.58:924][  0]LogConfig: Applying CVar settings from Section [AntiAliasingQuality@3] File [C:/Users/Renan/Projects/UnrealProjects/ProjectModule28/Saved/Config/Windows/Scalability.ini]
[2023.04.07-05.20.58:924][  0]LogConfig: Setting CVar [[r.PostProcessAAQuality:4]]
[2023.04.07-05.20.58:924][  0]LogConfig: Applying CVar settings from Section [ShadowQuality@3] File [C:/Users/Renan/Projects/UnrealProjects/ProjectModule28/Saved/Config/Windows/Scalability.ini]
[2023.04.07-05.20.58:924][  0]LogConfig: Setting CVar [[r.LightFunctionQuality:1]]
[2023.04.07-05.20.58:925][  0]LogConfig: Setting CVar [[r.ShadowQuality:5]]
[2023.04.07-05.20.58:925][  0]LogConfig: Setting CVar [[r.Shadow.CSM.MaxCascades:10]]
[2023.04.07-05.20.58:925][  0]LogConfig: Setting CVar [[r.Shadow.MaxResolution:2048]]
[2023.04.07-05.20.58:925][  0]LogConfig: Setting CVar [[r.Shadow.MaxCSMResolution:2048]]
[2023.04.07-05.20.58:925][  0]LogConfig: Setting CVar [[r.Shadow.RadiusThreshold:0.01]]
[2023.04.07-05.20.58:925][  0]LogConfig: Setting CVar [[r.Shadow.DistanceScale:1.0]]
[2023.04.07-05.20.58:925][  0]LogConfig: Setting CVar [[r.Shadow.CSM.TransitionScale:1.0]]
[2023.04.07-05.20.58:925][  0]LogConfig: Setting CVar [[r.Shadow.PreShadowResolutionFactor:1.0]]
[2023.04.07-05.20.58:925][  0]LogConfig: Setting CVar [[r.DistanceFieldShadowing:1]]
[2023.04.07-05.20.58:925][  0]LogConfig: Setting CVar [[r.DistanceFieldAO:1]]
[2023.04.07-05.20.58:925][  0]LogConfig: Setting CVar [[r.AOQuality:2]]
[2023.04.07-05.20.58:925][  0]LogConfig: Setting CVar [[r.VolumetricFog:1]]
[2023.04.07-05.20.58:925][  0]LogConfig: Setting CVar [[r.VolumetricFog.GridPixelSize:8]]
[2023.04.07-05.20.58:925][  0]LogConfig: Setting CVar [[r.VolumetricFog.GridSizeZ:128]]
[2023.04.07-05.20.58:925][  0]LogConfig: Setting CVar [[r.VolumetricFog.HistoryMissSupersampleCount:4]]
[2023.04.07-05.20.58:925][  0]LogConfig: Setting CVar [[r.LightMaxDrawDistanceScale:1]]
[2023.04.07-05.20.58:925][  0]LogConfig: Setting CVar [[r.CapsuleShadows:1]]
[2023.04.07-05.20.58:925][  0]LogConfig: Applying CVar settings from Section [PostProcessQuality@3] File [C:/Users/Renan/Projects/UnrealProjects/ProjectModule28/Saved/Config/Windows/Scalability.ini]
[2023.04.07-05.20.58:925][  0]LogConfig: Setting CVar [[r.MotionBlurQuality:4]]
[2023.04.07-05.20.58:925][  0]LogConfig: Setting CVar [[r.AmbientOcclusionMipLevelFactor:0.4]]
[2023.04.07-05.20.58:925][  0]LogConfig: Setting CVar [[r.AmbientOcclusionMaxQuality:100]]
[2023.04.07-05.20.58:925][  0]LogConfig: Setting CVar [[r.AmbientOcclusionLevels:-1]]
[2023.04.07-05.20.58:925][  0]LogConfig: Setting CVar [[r.AmbientOcclusionRadiusScale:1.0]]
[2023.04.07-05.20.58:925][  0]LogConfig: Setting CVar [[r.DepthOfFieldQuality:2]]
[2023.04.07-05.20.58:925][  0]LogConfig: Setting CVar [[r.RenderTargetPoolMin:400]]
[2023.04.07-05.20.58:925][  0]LogConfig: Setting CVar [[r.LensFlareQuality:2]]
[2023.04.07-05.20.58:925][  0]LogConfig: Setting CVar [[r.SceneColorFringeQuality:1]]
[2023.04.07-05.20.58:925][  0]LogConfig: Setting CVar [[r.EyeAdaptationQuality:2]]
[2023.04.07-05.20.58:925][  0]LogConfig: Setting CVar [[r.BloomQuality:5]]
[2023.04.07-05.20.58:925][  0]LogConfig: Setting CVar [[r.FastBlurThreshold:100]]
[2023.04.07-05.20.58:925][  0]LogConfig: Setting CVar [[r.Upscale.Quality:3]]
[2023.04.07-05.20.58:925][  0]LogConfig: Setting CVar [[r.Tonemapper.GrainQuantization:1]]
[2023.04.07-05.20.58:925][  0]LogConfig: Setting CVar [[r.LightShaftQuality:1]]
[2023.04.07-05.20.58:925][  0]LogConfig: Setting CVar [[r.Filter.SizeScale:1]]
[2023.04.07-05.20.58:925][  0]LogConfig: Setting CVar [[r.Tonemapper.Quality:5]]
[2023.04.07-05.20.58:925][  0]LogConfig: Setting CVar [[r.DOF.Gather.AccumulatorQuality:1        ; higher gathering accumulator quality]]
[2023.04.07-05.20.58:925][  0]LogConfig: Setting CVar [[r.DOF.Gather.PostfilterMethod:1          ; Median3x3 postfilering method]]
[2023.04.07-05.20.58:925][  0]LogConfig: Setting CVar [[r.DOF.Gather.EnableBokehSettings:0       ; no bokeh simulation when gathering]]
[2023.04.07-05.20.58:925][  0]LogConfig: Setting CVar [[r.DOF.Gather.RingCount:4                 ; medium number of samples when gathering]]
[2023.04.07-05.20.58:925][  0]LogConfig: Setting CVar [[r.DOF.Scatter.ForegroundCompositing:1    ; additive foreground scattering]]
[2023.04.07-05.20.58:925][  0]LogConfig: Setting CVar [[r.DOF.Scatter.BackgroundCompositing:2    ; additive background scattering]]
[2023.04.07-05.20.58:925][  0]LogConfig: Setting CVar [[r.DOF.Scatter.EnableBokehSettings:1      ; bokeh simulation when scattering]]
[2023.04.07-05.20.58:925][  0]LogConfig: Setting CVar [[r.DOF.Scatter.MaxSpriteRatio:0.1         ; only a maximum of 10% of scattered bokeh]]
[2023.04.07-05.20.58:925][  0]LogConfig: Setting CVar [[r.DOF.Recombine.Quality:1                ; cheap slight out of focus]]
[2023.04.07-05.20.58:925][  0]LogConfig: Setting CVar [[r.DOF.Recombine.EnableBokehSettings:0    ; no bokeh simulation on slight out of focus]]
[2023.04.07-05.20.58:925][  0]LogConfig: Setting CVar [[r.DOF.TemporalAAQuality:1                ; more stable temporal accumulation]]
[2023.04.07-05.20.58:925][  0]LogConfig: Setting CVar [[r.DOF.Kernel.MaxForegroundRadius:0.025]]
[2023.04.07-05.20.58:925][  0]LogConfig: Setting CVar [[r.DOF.Kernel.MaxBackgroundRadius:0.025]]
[2023.04.07-05.20.58:925][  0]LogConfig: Applying CVar settings from Section [TextureQuality@3] File [C:/Users/Renan/Projects/UnrealProjects/ProjectModule28/Saved/Config/Windows/Scalability.ini]
[2023.04.07-05.20.58:925][  0]LogConfig: Setting CVar [[r.Streaming.MipBias:0]]
[2023.04.07-05.20.58:925][  0]LogConfig: Setting CVar [[r.Streaming.AmortizeCPUToGPUCopy:0]]
[2023.04.07-05.20.58:925][  0]LogConfig: Setting CVar [[r.Streaming.MaxNumTexturesToStreamPerFrame:0]]
[2023.04.07-05.20.58:925][  0]LogConfig: Setting CVar [[r.Streaming.Boost:1]]
[2023.04.07-05.20.58:925][  0]LogConfig: Setting CVar [[r.MaxAnisotropy:8]]
[2023.04.07-05.20.58:925][  0]LogConfig: Setting CVar [[r.VT.MaxAnisotropy:8]]
[2023.04.07-05.20.58:925][  0]LogConfig: Setting CVar [[r.Streaming.LimitPoolSizeToVRAM:0]]
[2023.04.07-05.20.58:925][  0]LogConfig: Setting CVar [[r.Streaming.PoolSize:1000]]
[2023.04.07-05.20.58:925][  0]LogConfig: Setting CVar [[r.Streaming.MaxEffectiveScreenSize:0]]
[2023.04.07-05.20.58:925][  0]LogConfig: Applying CVar settings from Section [EffectsQuality@3] File [C:/Users/Renan/Projects/UnrealProjects/ProjectModule28/Saved/Config/Windows/Scalability.ini]
[2023.04.07-05.20.58:925][  0]LogConfig: Setting CVar [[r.TranslucencyLightingVolumeDim:64]]
[2023.04.07-05.20.58:925][  0]LogConfig: Setting CVar [[r.RefractionQuality:2]]
[2023.04.07-05.20.58:925][  0]LogConfig: Setting CVar [[r.SSR.Quality:3]]
[2023.04.07-05.20.58:925][  0]LogConfig: Setting CVar [[r.SSR.HalfResSceneColor:0]]
[2023.04.07-05.20.58:925][  0]LogConfig: Setting CVar [[r.SceneColorFormat:4]]
[2023.04.07-05.20.58:925][  0]LogConfig: Setting CVar [[r.DetailMode:2]]
[2023.04.07-05.20.58:925][  0]LogConfig: Setting CVar [[r.TranslucencyVolumeBlur:1]]
[2023.04.07-05.20.58:925][  0]LogConfig: Setting CVar [[r.MaterialQualityLevel:1 ; High quality]]
[2023.04.07-05.20.58:925][  0]LogConfig: Setting CVar [[r.AnisotropicMaterials:1]]
[2023.04.07-05.20.58:925][  0]LogConfig: Setting CVar [[r.SSS.Scale:1]]
[2023.04.07-05.20.58:925][  0]LogConfig: Setting CVar [[r.SSS.SampleSet:2]]
[2023.04.07-05.20.58:925][  0]LogConfig: Setting CVar [[r.SSS.Quality:1]]
[2023.04.07-05.20.58:925][  0]LogConfig: Setting CVar [[r.SSS.HalfRes:0]]
[2023.04.07-05.20.58:925][  0]LogConfig: Setting CVar [[r.SSGI.Quality:3]]
[2023.04.07-05.20.58:925][  0]LogConfig: Setting CVar [[r.EmitterSpawnRateScale:1.0]]
[2023.04.07-05.20.58:925][  0]LogConfig: Setting CVar [[r.ParticleLightQuality:2]]
[2023.04.07-05.20.58:925][  0]LogConfig: Setting CVar [[r.SkyAtmosphere.AerialPerspectiveLUT.FastApplyOnOpaque:1 ; Always have FastSkyLUT 1 in this case to avoid wrong sky]]
[2023.04.07-05.20.58:925][  0]LogConfig: Setting CVar [[r.SkyAtmosphere.AerialPerspectiveLUT.SampleCountMaxPerSlice:4]]
[2023.04.07-05.20.58:925][  0]LogConfig: Setting CVar [[r.SkyAtmosphere.AerialPerspectiveLUT.DepthResolution:16.0]]
[2023.04.07-05.20.58:925][  0]LogConfig: Setting CVar [[r.SkyAtmosphere.FastSkyLUT:1]]
[2023.04.07-05.20.58:925][  0]LogConfig: Setting CVar [[r.SkyAtmosphere.FastSkyLUT.SampleCountMin:4.0]]
[2023.04.07-05.20.58:925][  0]LogConfig: Setting CVar [[r.SkyAtmosphere.FastSkyLUT.SampleCountMax:128.0]]
[2023.04.07-05.20.58:925][  0]LogConfig: Setting CVar [[r.SkyAtmosphere.SampleCountMin:4.0]]
[2023.04.07-05.20.58:925][  0]LogConfig: Setting CVar [[r.SkyAtmosphere.SampleCountMax:128.0]]
[2023.04.07-05.20.58:925][  0]LogConfig: Setting CVar [[r.SkyAtmosphere.TransmittanceLUT.UseSmallFormat:0]]
[2023.04.07-05.20.58:925][  0]LogConfig: Setting CVar [[r.SkyAtmosphere.TransmittanceLUT.SampleCount:10.0]]
[2023.04.07-05.20.58:925][  0]LogConfig: Setting CVar [[r.SkyAtmosphere.MultiScatteringLUT.SampleCount:15.0]]
[2023.04.07-05.20.58:925][  0]LogConfig: Setting CVar [[r.SkyLight.RealTimeReflectionCapture:1]]
[2023.04.07-05.20.58:925][  0]LogConfig: Applying CVar settings from Section [FoliageQuality@3] File [C:/Users/Renan/Projects/UnrealProjects/ProjectModule28/Saved/Config/Windows/Scalability.ini]
[2023.04.07-05.20.58:925][  0]LogConfig: Setting CVar [[foliage.DensityScale:1.0]]
[2023.04.07-05.20.58:925][  0]LogConfig: Setting CVar [[grass.DensityScale:1.0]]
[2023.04.07-05.20.58:925][  0]LogConfig: Applying CVar settings from Section [ShadingQuality@3] File [C:/Users/Renan/Projects/UnrealProjects/ProjectModule28/Saved/Config/Windows/Scalability.ini]
[2023.04.07-05.20.58:925][  0]LogConfig: Setting CVar [[r.HairStrands.SkyLighting.IntegrationType:2]]
[2023.04.07-05.20.58:925][  0]LogConfig: Setting CVar [[r.HairStrands.SkyAO.SampleCount:4]]
[2023.04.07-05.20.58:926][  0]LogConfig: Setting CVar [[r.HairStrands.Visibility.MSAA.SamplePerPixel:4]]
[2023.04.07-05.20.58:926][  0]LogInit: Selected Device Profile: [Windows]
[2023.04.07-05.20.58:926][  0]LogInit: Applying CVar settings loaded from the selected device profile: [Windows]
[2023.04.07-05.20.58:926][  0]LogHAL: Display: Platform has ~ 16 GB [16910159872 / 17179869184 / 16], which maps to Larger [LargestMinGB=32, LargerMinGB=12, DefaultMinGB=8, SmallerMinGB=6, SmallestMinGB=0)
[2023.04.07-05.20.58:926][  0]LogInit: Going up to parent DeviceProfile []
[2023.04.07-05.20.58:926][  0]LogConfig: Applying CVar settings from Section [ViewDistanceQuality@3] File [C:/Users/Renan/Projects/UnrealProjects/ProjectModule28/Saved/Config/Windows/Scalability.ini]
[2023.04.07-05.20.58:926][  0]LogConfig: Setting CVar [[r.SkeletalMeshLODBias:0]]
[2023.04.07-05.20.58:926][  0]LogConfig: Setting CVar [[r.ViewDistanceScale:1.0]]
[2023.04.07-05.20.58:926][  0]LogConfig: Applying CVar settings from Section [AntiAliasingQuality@3] File [C:/Users/Renan/Projects/UnrealProjects/ProjectModule28/Saved/Config/Windows/Scalability.ini]
[2023.04.07-05.20.58:926][  0]LogConfig: Setting CVar [[r.PostProcessAAQuality:4]]
[2023.04.07-05.20.58:926][  0]LogConfig: Applying CVar settings from Section [ShadowQuality@3] File [C:/Users/Renan/Projects/UnrealProjects/ProjectModule28/Saved/Config/Windows/Scalability.ini]
[2023.04.07-05.20.58:926][  0]LogConfig: Setting CVar [[r.LightFunctionQuality:1]]
[2023.04.07-05.20.58:926][  0]LogConfig: Setting CVar [[r.ShadowQuality:5]]
[2023.04.07-05.20.58:926][  0]LogConfig: Setting CVar [[r.Shadow.CSM.MaxCascades:10]]
[2023.04.07-05.20.58:926][  0]LogConfig: Setting CVar [[r.Shadow.MaxResolution:2048]]
[2023.04.07-05.20.58:926][  0]LogConfig: Setting CVar [[r.Shadow.MaxCSMResolution:2048]]
[2023.04.07-05.20.58:926][  0]LogConfig: Setting CVar [[r.Shadow.RadiusThreshold:0.01]]
[2023.04.07-05.20.58:926][  0]LogConfig: Setting CVar [[r.Shadow.DistanceScale:1.0]]
[2023.04.07-05.20.58:926][  0]LogConfig: Setting CVar [[r.Shadow.CSM.TransitionScale:1.0]]
[2023.04.07-05.20.58:926][  0]LogConfig: Setting CVar [[r.Shadow.PreShadowResolutionFactor:1.0]]
[2023.04.07-05.20.58:926][  0]LogConfig: Setting CVar [[r.DistanceFieldShadowing:1]]
[2023.04.07-05.20.58:926][  0]LogConfig: Setting CVar [[r.DistanceFieldAO:1]]
[2023.04.07-05.20.58:926][  0]LogConfig: Setting CVar [[r.AOQuality:2]]
[2023.04.07-05.20.58:926][  0]LogConfig: Setting CVar [[r.VolumetricFog:1]]
[2023.04.07-05.20.58:926][  0]LogConfig: Setting CVar [[r.VolumetricFog.GridPixelSize:8]]
[2023.04.07-05.20.58:926][  0]LogConfig: Setting CVar [[r.VolumetricFog.GridSizeZ:128]]
[2023.04.07-05.20.58:926][  0]LogConfig: Setting CVar [[r.VolumetricFog.HistoryMissSupersampleCount:4]]
[2023.04.07-05.20.58:926][  0]LogConfig: Setting CVar [[r.LightMaxDrawDistanceScale:1]]
[2023.04.07-05.20.58:926][  0]LogConfig: Setting CVar [[r.CapsuleShadows:1]]
[2023.04.07-05.20.58:926][  0]LogConfig: Applying CVar settings from Section [PostProcessQuality@3] File [C:/Users/Renan/Projects/UnrealProjects/ProjectModule28/Saved/Config/Windows/Scalability.ini]
[2023.04.07-05.20.58:926][  0]LogConfig: Setting CVar [[r.MotionBlurQuality:4]]
[2023.04.07-05.20.58:926][  0]LogConfig: Setting CVar [[r.AmbientOcclusionMipLevelFactor:0.4]]
[2023.04.07-05.20.58:926][  0]LogConfig: Setting CVar [[r.AmbientOcclusionMaxQuality:100]]
[2023.04.07-05.20.58:926][  0]LogConfig: Setting CVar [[r.AmbientOcclusionLevels:-1]]
[2023.04.07-05.20.58:926][  0]LogConfig: Setting CVar [[r.AmbientOcclusionRadiusScale:1.0]]
[2023.04.07-05.20.58:926][  0]LogConfig: Setting CVar [[r.DepthOfFieldQuality:2]]
[2023.04.07-05.20.58:926][  0]LogConfig: Setting CVar [[r.RenderTargetPoolMin:400]]
[2023.04.07-05.20.58:926][  0]LogConfig: Setting CVar [[r.LensFlareQuality:2]]
[2023.04.07-05.20.58:926][  0]LogConfig: Setting CVar [[r.SceneColorFringeQuality:1]]
[2023.04.07-05.20.58:926][  0]LogConfig: Setting CVar [[r.EyeAdaptationQuality:2]]
[2023.04.07-05.20.58:926][  0]LogConfig: Setting CVar [[r.BloomQuality:5]]
[2023.04.07-05.20.58:926][  0]LogConfig: Setting CVar [[r.FastBlurThreshold:100]]
[2023.04.07-05.20.58:926][  0]LogConfig: Setting CVar [[r.Upscale.Quality:3]]
[2023.04.07-05.20.58:926][  0]LogConfig: Setting CVar [[r.Tonemapper.GrainQuantization:1]]
[2023.04.07-05.20.58:926][  0]LogConfig: Setting CVar [[r.LightShaftQuality:1]]
[2023.04.07-05.20.58:926][  0]LogConfig: Setting CVar [[r.Filter.SizeScale:1]]
[2023.04.07-05.20.58:926][  0]LogConfig: Setting CVar [[r.Tonemapper.Quality:5]]
[2023.04.07-05.20.58:926][  0]LogConfig: Setting CVar [[r.DOF.Gather.AccumulatorQuality:1        ; higher gathering accumulator quality]]
[2023.04.07-05.20.58:926][  0]LogConfig: Setting CVar [[r.DOF.Gather.PostfilterMethod:1          ; Median3x3 postfilering method]]
[2023.04.07-05.20.58:926][  0]LogConfig: Setting CVar [[r.DOF.Gather.EnableBokehSettings:0       ; no bokeh simulation when gathering]]
[2023.04.07-05.20.58:926][  0]LogConfig: Setting CVar [[r.DOF.Gather.RingCount:4                 ; medium number of samples when gathering]]
[2023.04.07-05.20.58:926][  0]LogConfig: Setting CVar [[r.DOF.Scatter.ForegroundCompositing:1    ; additive foreground scattering]]
[2023.04.07-05.20.58:926][  0]LogConfig: Setting CVar [[r.DOF.Scatter.BackgroundCompositing:2    ; additive background scattering]]
[2023.04.07-05.20.58:926][  0]LogConfig: Setting CVar [[r.DOF.Scatter.EnableBokehSettings:1      ; bokeh simulation when scattering]]
[2023.04.07-05.20.58:926][  0]LogConfig: Setting CVar [[r.DOF.Scatter.MaxSpriteRatio:0.1         ; only a maximum of 10% of scattered bokeh]]
[2023.04.07-05.20.58:926][  0]LogConfig: Setting CVar [[r.DOF.Recombine.Quality:1                ; cheap slight out of focus]]
[2023.04.07-05.20.58:926][  0]LogConfig: Setting CVar [[r.DOF.Recombine.EnableBokehSettings:0    ; no bokeh simulation on slight out of focus]]
[2023.04.07-05.20.58:926][  0]LogConfig: Setting CVar [[r.DOF.TemporalAAQuality:1                ; more stable temporal accumulation]]
[2023.04.07-05.20.58:926][  0]LogConfig: Setting CVar [[r.DOF.Kernel.MaxForegroundRadius:0.025]]
[2023.04.07-05.20.58:926][  0]LogConfig: Setting CVar [[r.DOF.Kernel.MaxBackgroundRadius:0.025]]
[2023.04.07-05.20.58:926][  0]LogConfig: Applying CVar settings from Section [TextureQuality@3] File [C:/Users/Renan/Projects/UnrealProjects/ProjectModule28/Saved/Config/Windows/Scalability.ini]
[2023.04.07-05.20.58:926][  0]LogConfig: Setting CVar [[r.Streaming.MipBias:0]]
[2023.04.07-05.20.58:926][  0]LogConfig: Setting CVar [[r.Streaming.AmortizeCPUToGPUCopy:0]]
[2023.04.07-05.20.58:926][  0]LogConfig: Setting CVar [[r.Streaming.MaxNumTexturesToStreamPerFrame:0]]
[2023.04.07-05.20.58:926][  0]LogConfig: Setting CVar [[r.Streaming.Boost:1]]
[2023.04.07-05.20.58:926][  0]LogConfig: Setting CVar [[r.MaxAnisotropy:8]]
[2023.04.07-05.20.58:926][  0]LogConfig: Setting CVar [[r.VT.MaxAnisotropy:8]]
[2023.04.07-05.20.58:926][  0]LogConfig: Setting CVar [[r.Streaming.LimitPoolSizeToVRAM:0]]
[2023.04.07-05.20.58:926][  0]LogConfig: Setting CVar [[r.Streaming.PoolSize:1000]]
[2023.04.07-05.20.58:926][  0]LogConfig: Setting CVar [[r.Streaming.MaxEffectiveScreenSize:0]]
[2023.04.07-05.20.58:926][  0]LogConfig: Applying CVar settings from Section [EffectsQuality@3] File [C:/Users/Renan/Projects/UnrealProjects/ProjectModule28/Saved/Config/Windows/Scalability.ini]
[2023.04.07-05.20.58:927][  0]LogConfig: Setting CVar [[r.TranslucencyLightingVolumeDim:64]]
[2023.04.07-05.20.58:927][  0]LogConfig: Setting CVar [[r.RefractionQuality:2]]
[2023.04.07-05.20.58:927][  0]LogConfig: Setting CVar [[r.SSR.Quality:3]]
[2023.04.07-05.20.58:927][  0]LogConfig: Setting CVar [[r.SSR.HalfResSceneColor:0]]
[2023.04.07-05.20.58:927][  0]LogConfig: Setting CVar [[r.SceneColorFormat:4]]
[2023.04.07-05.20.58:927][  0]LogConfig: Setting CVar [[r.DetailMode:2]]
[2023.04.07-05.20.58:927][  0]LogConfig: Setting CVar [[r.TranslucencyVolumeBlur:1]]
[2023.04.07-05.20.58:927][  0]LogConfig: Setting CVar [[r.MaterialQualityLevel:1 ; High quality]]
[2023.04.07-05.20.58:927][  0]LogConfig: Setting CVar [[r.AnisotropicMaterials:1]]
[2023.04.07-05.20.58:927][  0]LogConfig: Setting CVar [[r.SSS.Scale:1]]
[2023.04.07-05.20.58:927][  0]LogConfig: Setting CVar [[r.SSS.SampleSet:2]]
[2023.04.07-05.20.58:927][  0]LogConfig: Setting CVar [[r.SSS.Quality:1]]
[2023.04.07-05.20.58:927][  0]LogConfig: Setting CVar [[r.SSS.HalfRes:0]]
[2023.04.07-05.20.58:927][  0]LogConfig: Setting CVar [[r.SSGI.Quality:3]]
[2023.04.07-05.20.58:927][  0]LogConfig: Setting CVar [[r.EmitterSpawnRateScale:1.0]]
[2023.04.07-05.20.58:927][  0]LogConfig: Setting CVar [[r.ParticleLightQuality:2]]
[2023.04.07-05.20.58:927][  0]LogConfig: Setting CVar [[r.SkyAtmosphere.AerialPerspectiveLUT.FastApplyOnOpaque:1 ; Always have FastSkyLUT 1 in this case to avoid wrong sky]]
[2023.04.07-05.20.58:927][  0]LogConfig: Setting CVar [[r.SkyAtmosphere.AerialPerspectiveLUT.SampleCountMaxPerSlice:4]]
[2023.04.07-05.20.58:927][  0]LogConfig: Setting CVar [[r.SkyAtmosphere.AerialPerspectiveLUT.DepthResolution:16.0]]
[2023.04.07-05.20.58:927][  0]LogConfig: Setting CVar [[r.SkyAtmosphere.FastSkyLUT:1]]
[2023.04.07-05.20.58:927][  0]LogConfig: Setting CVar [[r.SkyAtmosphere.FastSkyLUT.SampleCountMin:4.0]]
[2023.04.07-05.20.58:927][  0]LogConfig: Setting CVar [[r.SkyAtmosphere.FastSkyLUT.SampleCountMax:128.0]]
[2023.04.07-05.20.58:927][  0]LogConfig: Setting CVar [[r.SkyAtmosphere.SampleCountMin:4.0]]
[2023.04.07-05.20.58:927][  0]LogConfig: Setting CVar [[r.SkyAtmosphere.SampleCountMax:128.0]]
[2023.04.07-05.20.58:927][  0]LogConfig: Setting CVar [[r.SkyAtmosphere.TransmittanceLUT.UseSmallFormat:0]]
[2023.04.07-05.20.58:927][  0]LogConfig: Setting CVar [[r.SkyAtmosphere.TransmittanceLUT.SampleCount:10.0]]
[2023.04.07-05.20.58:927][  0]LogConfig: Setting CVar [[r.SkyAtmosphere.MultiScatteringLUT.SampleCount:15.0]]
[2023.04.07-05.20.58:927][  0]LogConfig: Setting CVar [[r.SkyLight.RealTimeReflectionCapture:1]]
[2023.04.07-05.20.58:927][  0]LogConfig: Applying CVar settings from Section [FoliageQuality@3] File [C:/Users/Renan/Projects/UnrealProjects/ProjectModule28/Saved/Config/Windows/Scalability.ini]
[2023.04.07-05.20.58:927][  0]LogConfig: Setting CVar [[foliage.DensityScale:1.0]]
[2023.04.07-05.20.58:927][  0]LogConfig: Setting CVar [[grass.DensityScale:1.0]]
[2023.04.07-05.20.58:927][  0]LogConfig: Applying CVar settings from Section [ShadingQuality@3] File [C:/Users/Renan/Projects/UnrealProjects/ProjectModule28/Saved/Config/Windows/Scalability.ini]
[2023.04.07-05.20.58:927][  0]LogConfig: Setting CVar [[r.HairStrands.SkyLighting.IntegrationType:2]]
[2023.04.07-05.20.58:927][  0]LogConfig: Setting CVar [[r.HairStrands.SkyAO.SampleCount:4]]
[2023.04.07-05.20.58:927][  0]LogConfig: Setting CVar [[r.HairStrands.Visibility.MSAA.SamplePerPixel:4]]
[2023.04.07-05.20.58:927][  0]LogConfig: Applying CVar settings from Section [Startup] File [../../../Engine/Config/ConsoleVariables.ini]
[2023.04.07-05.20.58:927][  0]LogConfig: Setting CVar [[net.UseAdaptiveNetUpdateFrequency:0]]
[2023.04.07-05.20.58:927][  0]LogConfig: Setting CVar [[p.chaos.AllowCreatePhysxBodies:1]]
[2023.04.07-05.20.58:927][  0]LogConfig: Setting CVar [[fx.SkipVectorVMBackendOptimizations:1]]
[2023.04.07-05.20.58:927][  0]LogConfig: Applying CVar settings from Section [ConsoleVariables] File [C:/Users/Renan/Projects/UnrealProjects/ProjectModule28/Saved/Config/Windows/Engine.ini]
[2023.04.07-05.20.58:927][  0]LogConfig: Applying CVar settings from Section [ConsoleVariables] File [C:/Users/Renan/Projects/UnrealProjects/ProjectModule28/Saved/Config/Windows/Editor.ini]
[2023.04.07-05.20.58:927][  0]LogInit: Computer: DESKTOP-SCU1AN9
[2023.04.07-05.20.58:927][  0]LogInit: User: Renan
[2023.04.07-05.20.58:927][  0]LogInit: CPU Page size=4096, Cores=8
[2023.04.07-05.20.58:927][  0]LogInit: High frequency timer resolution =10.000000 MHz
[2023.04.07-05.20.58:927][  0]LogMemory: Memory total: Physical=15.7GB (16GB approx)
[2023.04.07-05.20.58:927][  0]LogMemory: Platform Memory Stats for Windows
[2023.04.07-05.20.58:928][  0]LogMemory: Process Physical Memory: 149.93 MB used, 149.93 MB peak
[2023.04.07-05.20.58:928][  0]LogMemory: Process Virtual Memory: 123.60 MB used, 123.60 MB peak
[2023.04.07-05.20.58:928][  0]LogMemory: Physical Memory: 10796.95 MB used,  5329.84 MB free, 16126.79 MB total
[2023.04.07-05.20.58:928][  0]LogMemory: Virtual Memory: 134195056.00 MB used,  22669.23 MB free, 134217728.00 MB total
[2023.04.07-05.20.58:933][  0]LogWindows: WindowsPlatformFeatures enabled
[2023.04.07-05.20.58:982][  0]LogInit: Physics initialised using underlying interface: PhysX
[2023.04.07-05.20.58:983][  0]LogInit: Overriding language with editor language configuration option (en).
[2023.04.07-05.20.58:983][  0]LogInit: Overriding language with editor locale configuration option (en).
[2023.04.07-05.20.59:232][  0]LogInit: Setting process to per monitor DPI aware
[2023.04.07-05.20.59:246][  0]LogWindowsTextInputMethodSystem: Display: IME system deactivated.
[2023.04.07-05.20.59:263][  0]LogSlate: New Slate User Created.  User Index 0, Is Virtual User: 0
[2023.04.07-05.20.59:264][  0]LogSlate: Slate User Registered.  User Index 0, Is Virtual User: 0
[2023.04.07-05.20.59:415][  0]LogD3D11RHI: Loaded GFSDK_Aftermath_Lib.x64.dll
[2023.04.07-05.20.59:458][  0]LogHMD: Failed to initialize OpenVR with code 110
[2023.04.07-05.20.59:458][  0]LogD3D11RHI: D3D11 min allowed feature level: 11_0
[2023.04.07-05.20.59:458][  0]LogD3D11RHI: D3D11 max allowed feature level: 11_0
[2023.04.07-05.20.59:458][  0]LogD3D11RHI: D3D11 adapters:
[2023.04.07-05.21.00:345][  0]LogD3D11RHI:    0. 'NVIDIA GeForce RTX 3060 Laptop GPU' (Feature Level 11_0)
[2023.04.07-05.21.00:345][  0]LogD3D11RHI:       6009/0/8063 MB DedicatedVideo/DedicatedSystem/SharedSystem, Outputs:1, VendorId:0x10de
[2023.04.07-05.21.00:396][  0]LogD3D11RHI:    1. 'Intel(R) UHD Graphics' (Feature Level 11_0)
[2023.04.07-05.21.00:396][  0]LogD3D11RHI:       128/0/8063 MB DedicatedVideo/DedicatedSystem/SharedSystem, Outputs:0, VendorId:0x8086
[2023.04.07-05.21.00:398][  0]LogD3D11RHI:    2. 'Microsoft Basic Render Driver' (Feature Level 11_0)
[2023.04.07-05.21.00:398][  0]LogD3D11RHI:       0/0/8063 MB DedicatedVideo/DedicatedSystem/SharedSystem, Outputs:0, VendorId:0x1414
[2023.04.07-05.21.00:398][  0]LogD3D11RHI: Chosen D3D11 Adapter:
[2023.04.07-05.21.00:398][  0]LogD3D11RHI:     Description : NVIDIA GeForce RTX 3060 Laptop GPU
[2023.04.07-05.21.00:398][  0]LogD3D11RHI:     VendorId    : 10de
[2023.04.07-05.21.00:398][  0]LogD3D11RHI:     DeviceId    : 2560
[2023.04.07-05.21.00:398][  0]LogD3D11RHI:     SubSysId    : a731028
[2023.04.07-05.21.00:398][  0]LogD3D11RHI:     Revision    : 00a1
[2023.04.07-05.21.00:399][  0]LogD3D11RHI:     DedicatedVideoMemory : 6300893184 bytes
[2023.04.07-05.21.00:399][  0]LogD3D11RHI:     DedicatedSystemMemory : 0 bytes
[2023.04.07-05.21.00:399][  0]LogD3D11RHI:     SharedSystemMemory : 8455079936 bytes
[2023.04.07-05.21.00:399][  0]LogD3D11RHI:     AdapterLuid : 0 81123
[2023.04.07-05.21.00:408][  0]LogD3D11RHI: Creating new Direct3DDevice
[2023.04.07-05.21.00:408][  0]LogD3D11RHI:     GPU DeviceId: 0x2560 (for the marketing name, search the web for "GPU Device Id")
[2023.04.07-05.21.00:408][  0]LogWindows: EnumDisplayDevices:
[2023.04.07-05.21.00:408][  0]LogWindows:    0. 'Intel(R) UHD Graphics' (P:1 D:1)
[2023.04.07-05.21.00:409][  0]LogWindows:    1. 'Intel(R) UHD Graphics' (P:0 D:0)
[2023.04.07-05.21.00:409][  0]LogWindows:    2. 'Intel(R) UHD Graphics' (P:0 D:0)
[2023.04.07-05.21.00:409][  0]LogWindows:    3. 'Intel(R) UHD Graphics' (P:0 D:0)
[2023.04.07-05.21.00:409][  0]LogWindows:    4. 'NVIDIA GeForce RTX 3060 Laptop GPU' (P:0 D:0)
[2023.04.07-05.21.00:410][  0]LogWindows:    5. 'NVIDIA GeForce RTX 3060 Laptop GPU' (P:0 D:0)
[2023.04.07-05.21.00:410][  0]LogWindows:    6. 'NVIDIA GeForce RTX 3060 Laptop GPU' (P:0 D:0)
[2023.04.07-05.21.00:410][  0]LogWindows:    7. 'NVIDIA GeForce RTX 3060 Laptop GPU' (P:0 D:0)
[2023.04.07-05.21.00:410][  0]LogWindows: DebugString: PrimaryIsNotTheChoosenAdapter PrimaryIsNotTheChoosenAdapter PrimaryIsNotTheChoosenAdapter PrimaryIsNotTheChoosenAdapter FoundDriverCount:4 
[2023.04.07-05.21.00:410][  0]LogD3D11RHI:     Adapter Name: NVIDIA GeForce RTX 3060 Laptop GPU
[2023.04.07-05.21.00:410][  0]LogD3D11RHI:   Driver Version: 531.41 (internal:31.0.15.3141, unified:531.41)
[2023.04.07-05.21.00:410][  0]LogD3D11RHI:      Driver Date: 3-16-2023
[2023.04.07-05.21.00:410][  0]LogRHI: Texture pool is 4206 MB (70% of 6009 MB)
[2023.04.07-05.21.00:410][  0]LogD3D11RHI: Creating D3DDevice using adapter:
[2023.04.07-05.21.00:410][  0]LogD3D11RHI:     Description : NVIDIA GeForce RTX 3060 Laptop GPU
[2023.04.07-05.21.00:410][  0]LogD3D11RHI:     VendorId    : 10de
[2023.04.07-05.21.00:410][  0]LogD3D11RHI:     DeviceId    : 2560
[2023.04.07-05.21.00:410][  0]LogD3D11RHI:     SubSysId    : a731028
[2023.04.07-05.21.00:410][  0]LogD3D11RHI:     Revision    : 00a1
[2023.04.07-05.21.00:410][  0]LogD3D11RHI:     DedicatedVideoMemory : 6300893184 bytes
[2023.04.07-05.21.00:410][  0]LogD3D11RHI:     DedicatedSystemMemory : 0 bytes
[2023.04.07-05.21.00:410][  0]LogD3D11RHI:     SharedSystemMemory : 8455079936 bytes
[2023.04.07-05.21.00:410][  0]LogD3D11RHI:     AdapterLuid : 0 81123
[2023.04.07-05.21.00:508][  0]LogD3D11RHI: RHI has support for 64 bit atomics
[2023.04.07-05.21.00:508][  0]LogD3D11RHI: Async texture creation enabled
[2023.04.07-05.21.00:508][  0]LogD3D11RHI: Array index from any shader is supported
[2023.04.07-05.21.00:523][  0]LogD3D11RHI: GPU Timing Frequency: 1000.000000 (Debug: 2 1)
[2023.04.07-05.21.00:559][  0]LogRHI: GeForceNow SDK initialized: 1
[2023.04.07-05.21.00:932][  0]LogTargetPlatformManager: Display: Loaded TargetPlatform 'AllDesktop'
[2023.04.07-05.21.00:960][  0]LogTargetPlatformManager: Display: Loaded TargetPlatform 'Android'
[2023.04.07-05.21.00:960][  0]LogTargetPlatformManager: Display: Loaded TargetPlatform 'Android_ASTC'
[2023.04.07-05.21.00:960][  0]LogTargetPlatformManager: Display: Loaded TargetPlatform 'Android_DXT'
[2023.04.07-05.21.00:960][  0]LogTargetPlatformManager: Display: Loaded TargetPlatform 'Android_ETC2'
[2023.04.07-05.21.00:960][  0]LogTargetPlatformManager: Display: Loaded TargetPlatform 'AndroidClient'
[2023.04.07-05.21.00:960][  0]LogTargetPlatformManager: Display: Loaded TargetPlatform 'Android_ASTCClient'
[2023.04.07-05.21.00:960][  0]LogTargetPlatformManager: Display: Loaded TargetPlatform 'Android_DXTClient'
[2023.04.07-05.21.00:960][  0]LogTargetPlatformManager: Display: Loaded TargetPlatform 'Android_ETC2Client'
[2023.04.07-05.21.00:960][  0]LogTargetPlatformManager: Display: Loaded TargetPlatform 'Android_Multi'
[2023.04.07-05.21.00:960][  0]LogTargetPlatformManager: Display: Loaded TargetPlatform 'Android_MultiClient'
[2023.04.07-05.21.00:981][  0]LogTargetPlatformManager: Display: Loaded TargetPlatform 'IOSClient'
[2023.04.07-05.21.00:981][  0]LogTargetPlatformManager: Display: Loaded TargetPlatform 'IOS'
[2023.04.07-05.21.00:995][  0]LogTargetPlatformManager: Display: Loaded TargetPlatform 'Linux'
[2023.04.07-05.21.01:000][  0]LogTargetPlatformManager: Display: Loaded TargetPlatform 'LinuxNoEditor'
[2023.04.07-05.21.01:005][  0]LogTargetPlatformManager: Display: Loaded TargetPlatform 'LinuxClient'
[2023.04.07-05.21.01:010][  0]LogTargetPlatformManager: Display: Loaded TargetPlatform 'LinuxServer'
[2023.04.07-05.21.01:020][  0]LogTargetPlatformManager: Display: Loaded TargetPlatform 'LinuxAArch64NoEditor'
[2023.04.07-05.21.01:025][  0]LogTargetPlatformManager: Display: Loaded TargetPlatform 'LinuxAArch64Client'
[2023.04.07-05.21.01:029][  0]LogTargetPlatformManager: Display: Loaded TargetPlatform 'LinuxAArch64Server'
[2023.04.07-05.21.01:055][  0]LogTargetPlatformManager: Display: Loaded TargetPlatform 'Lumin'
[2023.04.07-05.21.01:055][  0]LogTargetPlatformManager: Display: Loaded TargetPlatform 'LuminClient'
[2023.04.07-05.21.01:065][  0]LogTargetPlatformManager: Display: Loaded TargetPlatform 'MacNoEditor'
[2023.04.07-05.21.01:070][  0]LogTargetPlatformManager: Display: Loaded TargetPlatform 'Mac'
[2023.04.07-05.21.01:076][  0]LogTargetPlatformManager: Display: Loaded TargetPlatform 'MacClient'
[2023.04.07-05.21.01:081][  0]LogTargetPlatformManager: Display: Loaded TargetPlatform 'MacServer'
[2023.04.07-05.21.01:093][  0]LogTargetPlatformManager: Display: Loaded TargetPlatform 'TVOSClient'
[2023.04.07-05.21.01:093][  0]LogTargetPlatformManager: Display: Loaded TargetPlatform 'TVOS'
[2023.04.07-05.21.01:103][  0]LogTargetPlatformManager: Display: Loaded TargetPlatform 'WindowsNoEditor'
[2023.04.07-05.21.01:108][  0]LogTargetPlatformManager: Display: Loaded TargetPlatform 'Windows'
[2023.04.07-05.21.01:113][  0]LogTargetPlatformManager: Display: Loaded TargetPlatform 'WindowsClient'
[2023.04.07-05.21.01:120][  0]LogTargetPlatformManager: Display: Loaded TargetPlatform 'WindowsServer'
[2023.04.07-05.21.01:120][  0]LogTargetPlatformManager: Display: Building Assets For Windows
[2023.04.07-05.21.01:128][  0]LogAudioDebug: Display: Lib vorbis DLL was dynamically loaded.
[2023.04.07-05.21.01:170][  0]LogTextureFormatOodle: Display: Oodle Texture 2.9.0 init RDO Off
[2023.04.07-05.21.01:208][  0]LogRendererCore: Ray tracing is disabled. Reason: r.RayTracing=0.
[2023.04.07-05.21.01:208][  0]LogShaderCompilers: Guid format shader working directory is -23 characters bigger than the processId version (../../../../../../Users/Renan/Projects/UnrealProjects/ProjectModule28/Intermediate/Shaders/WorkingDirectory/7044/).
[2023.04.07-05.21.01:208][  0]LogShaderCompilers: Cleaned the shader compiler working directory 'C:/Users/Renan/AppData/Local/Temp/UnrealShaderWorkingDir/ECE2828A45BDFD76C539D9A7AB6F80E3/'.
[2023.04.07-05.21.01:208][  0]LogXGEController: Cannot use XGE Controller as Incredibuild is not installed on this machine.
[2023.04.07-05.21.01:208][  0]LogShaderCompilers: Cannot use XGE Shader Compiler as Incredibuild is not installed on this machine.
[2023.04.07-05.21.01:208][  0]LogShaderCompilers: Display: Using Local Shader Compiler.
[2023.04.07-05.21.02:243][  0]LogDerivedDataCache: Display: Max Cache Size: 512 MB
[2023.04.07-05.21.02:326][  0]LogDerivedDataCache: Loaded boot cache 0.08s 94MB C:/Users/Renan/AppData/Local/UnrealEngine/4.27/DerivedDataCache/Boot.ddc.
[2023.04.07-05.21.02:326][  0]LogDerivedDataCache: Display: Loaded Boot cache: C:/Users/Renan/AppData/Local/UnrealEngine/4.27/DerivedDataCache/Boot.ddc
[2023.04.07-05.21.02:326][  0]LogDerivedDataCache: FDerivedDataBackendGraph:  Pak pak cache file ../../../../../../Users/Renan/Projects/UnrealProjects/ProjectModule28/DerivedDataCache/DDC.ddp not found, will not use a pak cache.
[2023.04.07-05.21.02:326][  0]LogDerivedDataCache: Unable to find inner node Pak for hierarchical cache Hierarchy.
[2023.04.07-05.21.02:326][  0]LogDerivedDataCache: FDerivedDataBackendGraph:  CompressedPak pak cache file ../../../../../../Users/Renan/Projects/UnrealProjects/ProjectModule28/DerivedDataCache/Compressed.ddp not found, will not use a pak cache.
[2023.04.07-05.21.02:326][  0]LogDerivedDataCache: Unable to find inner node CompressedPak for hierarchical cache Hierarchy.
[2023.04.07-05.21.02:347][  0]LogDerivedDataCache: Display: Pak cache opened for reading ../../../Engine/DerivedDataCache/Compressed.ddp.
[2023.04.07-05.21.02:348][  0]LogDerivedDataCache: FDerivedDataBackendGraph:  EnterprisePak pak cache file ../../../Enterprise/DerivedDataCache/Compressed.ddp not found, will not use a pak cache.
[2023.04.07-05.21.02:348][  0]LogDerivedDataCache: Unable to find inner node EnterprisePak for hierarchical cache Hierarchy.
[2023.04.07-05.21.02:356][  0]LogDerivedDataCache: Speed tests for C:/Users/Renan/AppData/Local/UnrealEngine/Common/DerivedDataCache took 0.01 seconds
[2023.04.07-05.21.02:356][  0]LogDerivedDataCache: Display: Performance to C:/Users/Renan/AppData/Local/UnrealEngine/Common/DerivedDataCache: Latency=0.02ms. RandomReadSpeed=801.39MBs, RandomWriteSpeed=124.63MBs. Assigned SpeedClass 'Local'
[2023.04.07-05.21.02:360][  0]LogDerivedDataCache: Using Local data cache path C:/Users/Renan/AppData/Local/UnrealEngine/Common/DerivedDataCache: Writable
[2023.04.07-05.21.02:360][  0]LogDerivedDataCache: Shared data cache path not found in *engine.ini, will not use an Shared cache.
[2023.04.07-05.21.02:360][  0]LogDerivedDataCache: Unable to find inner node Shared for hierarchical cache Hierarchy.
[2023.04.07-05.21.02:428][  0]LogSlate: Using FreeType 2.10.0
[2023.04.07-05.21.02:428][  0]LogSlate: SlateFontServices - WITH_FREETYPE: 1, WITH_HARFBUZZ: 1
[2023.04.07-05.21.02:470][  0]LogAssetRegistry: FAssetRegistry took 0.0055 seconds to start up
[2023.04.07-05.21.02:909][  0]LogInit: Selected Device Profile: [Windows]
[2023.04.07-05.21.02:910][  0]LogInit: Active device profile: [00000182088F0F00][00000182072A4E80 49] Windows
[2023.04.07-05.21.02:910][  0]LogInit: Profiles: [00000182088F0F00][00000182072A4E80 49] Windows, [00000182088A6400][000001820976D000 49] WindowsNoEditor, [00000182088F1F00][0000018207001180 49] WindowsServer, [00000182088A5600][0000018207005300 49] WindowsClient, [00000182088F1000][0000018207009480 49] IOS, [00000182088A7A00][000001820700D600 49] iPadAir, [00000182088F3300][00000182072CB780 49] iPadAir2, [0000018208855300][00000182072D3A40 49] IPadPro, [0000018208855400][00000182072CFA80 49] iPadAir3, [00000182088A4B00][00000182072D7C00 49] iPadAir4, [0000018208856100][00000182072DA200 49] iPadMini2, [00000182088A7400][00000182072DE380 49] iPadMini3, [0000018208856C00][00000182072E2500 49] iPadMini4, [00000182088A6700][00000182072E6680 49] iPadMini5, [000001820885CE00][00000182072EE940 49] iPhone6, [000001820885CF00][00000182072EA980 49] iPodTouch6, [00000182088F2800][00000182072F2BC0 49] iPhone7, [00000182088F2900][0000018209768C00 49] iPodTouch7, [0000018208854C00][00000182072F6D40 49] iPhone5S, [00000182088F1300][00000182072FEEC0 49] iPhone6Plus, [0000018208856A00][0000018207303040 49] iPhone6S, [00000182088F2D00][00000182073071C0 49] iPhone6SPlus, [000001820885C100][000001820730B340 49] iPhone7Plus, [0000018208855D00][000001820730F4C0 49] iPhoneSE, [000001820885CC00][0000018207313640 49] iPhone8, [0000018208854400][00000182073177C0 49] iPhone8Plus, [000001820885EA00][000001820731B940 49] iPhoneX, [0000018208857C00][000001820731FAC0 49] iPhoneXS, [000001820885E900][00000182073220C0 49] iPhoneXSMax, [0000018208854B00][0000018207326240 49] iPhoneXR, [00000182088F3800][000001820732A3C0 49] iPhone11, [0000018208857D00][000001820732E540 49] iPhone11Pro, [00000182088F1C00][00000182073326C0 49] iPhone11ProMax, [0000018208855100][0000018207336840 49] iPhoneSE2, [00000182088F1200][000001820733A9C0 49] iPhone12Mini, [0000018208857100][000001820733EB40 49] iPhone12, [00000182088F0900][00000182072FAC80 49] iPhone12Pro, [0000018208854D00][0000018207342DC0 49] iPhone12ProMax, [00000182088F3C00][0000018201FA2F00 49] iPadPro105, [0000018208857700][0000018201FAB080 49] iPadPro129, [00000182088F3000][0000018201FAF200 49] iPadPro97, [0000018208854F00][0000018201FB3380 49] iPadPro2_129, [00000182088F0C00][0000018201FB7500 49] iPad5, [0000018208857B00][0000018201FBB680 49] iPad6, [00000182088F0400][0000018201FBF800 49] iPad7, [0000018208857E00][0000018201FC3980 49] iPad8, [00000182088F1B00][0000018201FC7B00 49] iPadPro11, [0000018208856400][0000018201FCA100 49] iPadPro2_11, [00000182088F0800][0000018201FCE280 49] iPadPro3_129, [0000018208856800][0000018201FD2400 49] iPadPro4_129, [00000182088F2F00][0000018201FD6580 49] AppleTV, [0000018208855200][0000018201FDA700 49] AppleTV4K, [00000182088F1700][0000018201FDE880 49] TVOS, [0000018208857600][0000018201FE2A00 49] Mac, [00000182088F3A00][0000018201FE6B80 49] MacClient, [0000018208856500][0000018201FEAD00 49] MacNoEditor, [00000182088F0500][0000018201FA6E40 49] MacServer, [0000018208856000][0000018201FEEF80 49] Linux, [00000182088F3B00][0000018201FF30C0 49] LinuxAArch64, [0000018208854300][0000018201FFB240 49] LinuxNoEditor, [00000182088F3700][0000018201FFF3C0 49] LinuxAArch64NoEditor, [0000018208856600][0000018202003540 49] LinuxClient, [00000182088F2600][00000182020076C0 49] LinuxAArch64Client, [0000018208855A00][000001820200B840 49] LinuxServer, [00000182088F0200][000001820200F9C0 49] LinuxAArch64Server, [0000018208855600][0000018202013B40 49] Android, [00000182088F2100][0000018202016140 49] Android_Low, [0000018208857800][000001820201A2C0 49] Android_Mid, [00000182088F0600][000001820201E440 49] Android_High, [0000018208856300][00000182020225C0 49] Android_Default, [00000182088F2300][0000018202026740 49] Android_Adreno4xx, [0000018208857000][000001820202A8C0 49] Android_Adreno5xx_Low, [00000182088F2A00][0000018209970A40 49] Android_Adreno5xx, [0000018208854100][0000018209974BC0 49] Android_Adreno6xx, [00000182088F0B00][0000018209978D40 49] Android_Adreno6xx_Vulkan, [0000018208854A00][000001820997CEC0 49] Android_Mali_T6xx, [00000182088F0700][0000018201FF7000 49] Android_Mali_T7xx, [00000182088A5A00][0000018209981140 49] Android_Mali_T8xx, [000001820885C300][0000018209985280 49] Android_Mali_G71, [00000182088A4600][00000182099893C0 49] Android_Mali_G72, [000001820885D200][0000018209991540 49] Android_Mali_G72_Vulkan, [00000182088A7D00][00000182099956C0 49] Android_Mali_G76, [000001820885C700][0000018209999840 49] Android_Mali_G76_Vulkan, [00000182088A7C00][000001820999D9C0 49] Android_Mali_G77, [000001820885FB00][00000182099A1B40 49] Android_Mali_G77_Vulkan, [00000182088A5B00][00000182099A4140 49] Android_Mali_G78, [000001820885F100][00000182099A82C0 49] Android_Mali_G78_Vulkan, [00000182088A7900][00000182099AC440 49] Android_Mali_G710, [000001820885EC00][00000182099B05C0 49] Android_Mali_G710_Vulkan, [00000182088A7600][00000182099B4740 49] Android_Vulkan_SM5, [000001820885F800][00000182099B88C0 49] Android_PowerVR_G6xxx, [00000182088A5900][00000182099BCA40 49] Android_PowerVR_GT7xxx, [000001820885DD00][00000182099C0BC0 49] Android_PowerVR_GE8xxx, [00000182088A6D00][00000182099C4D40 49] Android_PowerVR_GM9xxx, [000001820885C800][00000182099C8EC0 49] Android_PowerVR_GM9xxx_Vulkan, [00000182088A5C00][00000182099CD040 49] Android_TegraK1, [000001820885D000][000001820998D180 49] Android_Unknown_Vulkan, [00000182088A6300][00000182099D12C0 49] Lumin, [000001820885FE00][00000182099D5400 49] Lumin_Desktop, [00000182088A6B00][00000182099D9540 49] HoloLens, 
[2023.04.07-05.21.03:123][  0]LogMeshReduction: Using QuadricMeshReduction for automatic static mesh reduction
[2023.04.07-05.21.03:123][  0]LogMeshReduction: Using SimplygonMeshReduction for automatic skeletal mesh reduction
[2023.04.07-05.21.03:123][  0]LogMeshReduction: Using ProxyLODMeshReduction for automatic mesh merging
[2023.04.07-05.21.03:123][  0]LogMeshReduction: No distributed automatic mesh merging module available
[2023.04.07-05.21.03:123][  0]LogMeshMerging: No distributed automatic mesh merging module available
[2023.04.07-05.21.03:145][  0]LogNetVersion: ProjectModule27 1.0.0, NetCL: 17155196, EngineNetVer: 17, GameNetVer: 0 (Checksum: 3905786589)
[2023.04.07-05.21.03:727][  0]LogTexture: Default maximum texture size for cubemaps generated from long-lat sources has been changed from 512 to unlimited. In order to preserve old behaiour for '/Engine/MapTemplates/Sky/DaylightAmbientCubemap.DaylightAmbientCubemap', its maximum texture size has been explicitly set to 512.
[2023.04.07-05.21.03:826][  0]LogHMD: PokeAHoleMaterial loaded successfully
[2023.04.07-05.21.03:836][  0]LogUObjectArray: 17178 objects as part of root set at end of initial load.
[2023.04.07-05.21.03:836][  0]LogUObjectAllocator: 4302048 out of 0 bytes used by permanent object pool.
[2023.04.07-05.21.03:836][  0]LogUObjectArray: CloseDisregardForGC: 0/0 objects in disregard for GC pool
[2023.04.07-05.21.04:275][  0]LogTcpMessaging: Initializing TcpMessaging bridge
[2023.04.07-05.21.04:282][  0]LogUdpMessaging: Initializing bridge on interface 0.0.0.0:0 to multicast group 230.0.0.1:6666.
[2023.04.07-05.21.04:428][  0]LogNiagaraDebuggerClient: Niagara Debugger Client Initialized | Session: 5C4F8F4D48D2AFF31843E3A259FDFDEC | Instance: 10740D4E4D08A166DF8BD3AE2AFA17FC (DESKTOP-SCU1AN9-7044).
[2023.04.07-05.21.04:483][  0]LogPython: Using Python 3.7.7
[2023.04.07-05.21.05:321][  0]SourceControl: Source control is disabled
[2023.04.07-05.21.05:321][  0]SourceControl: Source control is disabled
[2023.04.07-05.21.05:358][  0]SourceControl: Source control is disabled
[2023.04.07-05.21.05:363][  0]SourceControl: Source control is disabled
[2023.04.07-05.21.05:371][  0]SourceControl: Source control is disabled
[2023.04.07-05.21.05:389][  0]LogUProjectInfo: Found projects:
[2023.04.07-05.21.05:625][  0]LogAndroidPermission: UAndroidPermissionCallbackProxy::GetInstance
[2023.04.07-05.21.05:652][  0]LogAudioCaptureCore: Display: No Audio Capture implementations found. Audio input will be silent.
[2023.04.07-05.21.05:652][  0]LogAudioCaptureCore: Display: No Audio Capture implementations found. Audio input will be silent.
[2023.04.07-05.21.05:719][  0]LogOpenImageDenoise: OIDN starting up
[2023.04.07-05.21.05:843][  0]LogCollectionManager: Loaded 0 collections in 0.002118 seconds
[2023.04.07-05.21.05:873][  0]LogFileCache: Scanning file cache for directory 'C:/Users/Renan/Projects/UnrealProjects/ProjectModule28/Saved/Collections/' took 0.00s
[2023.04.07-05.21.05:873][  0]LogFileCache: Scanning file cache for directory 'C:/Users/Renan/Projects/UnrealProjects/ProjectModule28/Content/Developers/Renan/Collections/' took 0.00s
[2023.04.07-05.21.05:873][  0]LogFileCache: Scanning file cache for directory 'C:/Users/Renan/Projects/UnrealProjects/ProjectModule28/Content/Collections/' took 0.00s
[2023.04.07-05.21.05:873][  0]LogOcInput: OculusInput pre-init called
[2023.04.07-05.21.06:651][  0]LogClass: Display: Int8Property FMTSJson::version is not initialized properly. Module:MegascansPlugin File:Private/Utilities/MTSReader.h
[2023.04.07-05.21.06:651][  0]LogClass: Display: Int16Property FMTSJson::resolutionValue is not initialized properly. Module:MegascansPlugin File:Private/Utilities/MTSReader.h
[2023.04.07-05.21.06:651][  0]LogClass: Display: BoolProperty FMTSJson::isExternal is not initialized properly. Module:MegascansPlugin File:Private/Utilities/MTSReader.h
[2023.04.07-05.21.06:651][  0]LogClass: Display: Int8Property FMTSJson::meshVersion is not initialized properly. Module:MegascansPlugin File:Private/Utilities/MTSReader.h
[2023.04.07-05.21.06:651][  0]LogClass: Display: BoolProperty FMTSJson::isCustom is not initialized properly. Module:MegascansPlugin File:Private/Utilities/MTSReader.h
[2023.04.07-05.21.06:651][  0]LogClass: Display: BoolProperty FMTSJson::isModularAsset is not initialized properly. Module:MegascansPlugin File:Private/Utilities/MTSReader.h
[2023.04.07-05.21.06:651][  0]LogClass: Display: Int8Property FLodList::variation is not initialized properly. Module:MegascansPlugin File:Private/Utilities/MTSReader.h
[2023.04.07-05.21.06:651][  0]LogClass: Display: Int16Property FMeshList::resolution is not initialized properly. Module:MegascansPlugin File:Private/Utilities/MTSReader.h
[2023.04.07-05.21.06:651][  0]LogClass: Display: Int16Property FComponents::resolution is not initialized properly. Module:MegascansPlugin File:Private/Utilities/MTSReader.h
[2023.04.07-05.21.06:651][  0]LogClass: Display: BoolProperty FTextureSets::isUdim is not initialized properly. Module:MegascansPlugin File:Private/Utilities/MTSReader.h
[2023.04.07-05.21.06:652][  0]LogClass: Display: BoolProperty FMeta::value is not initialized properly. Module:MegascansPlugin File:Private/Utilities/MTSReader.h
[2023.04.07-05.21.06:652][  0]LogClass: Display: 11 Uninitialized script struct members found including 0 object properties
[2023.04.07-05.21.06:653][  0]LogEngine: Initializing Engine...
[2023.04.07-05.21.06:655][  0]LogHMD: Failed to enumerate extensions. Please check that you have a valid OpenXR runtime installed.
[2023.04.07-05.21.06:656][  0]LogHMD: Failed to initialize OpenVR with code 110
[2023.04.07-05.21.06:656][  0]LogMagicLeap: Warning: VR disabled because ZI is not enabled.  To enable, in the editor, Edit -> Project Settings -> Plugins -> Magic Leap Plugin -> Enable Zero Iteration
[2023.04.07-05.21.06:657][  0]LogStats: UGameplayTagsManager::InitializeManager -  0.000 s
[2023.04.07-05.21.06:810][  0]LogInit: Initializing FReadOnlyCVARCache
[2023.04.07-05.21.06:820][  0]LogAIModule: Creating AISystem for world Untitled
[2023.04.07-05.21.06:825][  0]LogAudio: Display: Initializing Audio Device Manager...
[2023.04.07-05.21.06:831][  0]LogAudio: Display: Loading Default Audio Settings Objects...
[2023.04.07-05.21.06:832][  0]LogAudio: Display: No default SoundConcurrencyObject specified (or failed to load).
[2023.04.07-05.21.06:833][  0]LogAudio: Display: Audio Device Manager Initialized
[2023.04.07-05.21.06:833][  0]LogAudio: Display: Creating Audio Device:                 Id: 1, Scope: Shared, Realtime: True
[2023.04.07-05.21.06:833][  0]LogAudioMixer: Display: Audio Mixer Platform Settings:
[2023.04.07-05.21.06:833][  0]LogAudioMixer: Display: 	Sample Rate:						  48000
[2023.04.07-05.21.06:833][  0]LogAudioMixer: Display: 	Callback Buffer Frame Size Requested: 1024
[2023.04.07-05.21.06:833][  0]LogAudioMixer: Display: 	Callback Buffer Frame Size To Use:	  1024
[2023.04.07-05.21.06:833][  0]LogAudioMixer: Display: 	Number of buffers to queue:			  2
[2023.04.07-05.21.06:833][  0]LogAudioMixer: Display: 	Max Channels (voices):				  32
[2023.04.07-05.21.06:833][  0]LogAudioMixer: Display: 	Number of Async Source Workers:		  0
[2023.04.07-05.21.06:833][  0]LogAudio: Display: AudioDevice MaxSources: 32
[2023.04.07-05.21.06:833][  0]LogAudio: Display: Audio Spatialization Plugin: None (built-in).
[2023.04.07-05.21.06:833][  0]LogAudio: Display: Audio Reverb Plugin: None (built-in).
[2023.04.07-05.21.06:833][  0]LogAudio: Display: Audio Occlusion Plugin: None (built-in).
[2023.04.07-05.21.06:833][  0]LogAudioMixer: Display: Initializing audio mixer.
[2023.04.07-05.21.06:844][  0]LogAudioMixer: Display: 0: FrontLeft
[2023.04.07-05.21.06:844][  0]LogAudioMixer: Display: 1: FrontRight
[2023.04.07-05.21.07:462][  0]LogAudioMixer: Display: Using Audio Device Altofalantes (Realtek(R) Audio)
[2023.04.07-05.21.07:467][  0]LogAudioMixer: Display: Initializing Sound Submixes...
[2023.04.07-05.21.07:471][  0]LogAudioMixer: Display: Creating Master Submix 'MasterSubmixDefault'
[2023.04.07-05.21.07:471][  0]LogAudioMixer: Display: Creating Master Submix 'MasterReverbSubmixDefault'
[2023.04.07-05.21.07:472][  0]LogAudioMixer: Display: Creating Master Submix 'MasterEQSubmixDefault'
[2023.04.07-05.21.07:472][  0]LogAudioMixer: FMixerPlatformXAudio2::StartAudioStream() called
[2023.04.07-05.21.07:472][  0]LogAudioMixer: Display: Output buffers initialized: Frames=1024, Channels=2, Samples=2048
[2023.04.07-05.21.07:474][  0]LogAudioMixer: Display: Starting AudioMixerPlatformInterface::RunInternal()
[2023.04.07-05.21.07:474][  0]LogAudioMixer: Display: FMixerPlatformXAudio2::SubmitBuffer() called for the first time
[2023.04.07-05.21.07:474][  0]LogInit: FAudioDevice initialized.
[2023.04.07-05.21.07:474][  0]LogAudio: Display: Audio Device (ID: 1) registered with world 'Untitled'.
[2023.04.07-05.21.07:474][  0]LogNetVersion: Set ProjectVersion to 1.0.0.0. Version Checksum will be recalculated on next use.
[2023.04.07-05.21.07:541][  0]LogDerivedDataCache: Saved boot cache 0.07s 94MB C:/Users/Renan/AppData/Local/UnrealEngine/4.27/DerivedDataCache/Boot.ddc.
[2023.04.07-05.21.07:542][  0]LogInit: Texture streaming: Enabled
[2023.04.07-05.21.07:558][  0]LogAnalytics: Display: [UEEditor.Rocket.Release] APIServer = https://datarouter.ol.epicgames.com/. AppVersion = 4.27.2-18319896+++UE4+Release-4.27
[2023.04.07-05.21.07:563][  0]LogEngineSessionManager: EngineSessionManager initialized
[2023.04.07-05.21.07:563][  0]LogEditorSessionSummary: Verbose: Initializing EditorSessionSummaryWriter for editor session tracking
[2023.04.07-05.21.07:565][  0]LogEditorSessionSummary: EditorSessionSummaryWriter initialized
[2023.04.07-05.21.07:602][  0]LogInit: Transaction tracking system initialized
[2023.04.07-05.21.07:628][  0]BlueprintLog: New page: Editor Load
[2023.04.07-05.21.07:694][  0]LocalizationService: Localization service is disabled
[2023.04.07-05.21.07:732][  0]TimingProfiler: Initialize
[2023.04.07-05.21.07:732][  0]TimingProfiler: OnSessionChanged
[2023.04.07-05.21.07:732][  0]LoadingProfiler: Initialize
[2023.04.07-05.21.07:732][  0]LoadingProfiler: OnSessionChanged
[2023.04.07-05.21.07:732][  0]NetworkingProfiler: Initialize
[2023.04.07-05.21.07:732][  0]NetworkingProfiler: OnSessionChanged
[2023.04.07-05.21.07:732][  0]MemoryProfiler: Initialize
[2023.04.07-05.21.07:732][  0]MemoryProfiler: OnSessionChanged
[2023.04.07-05.21.08:267][  0]LogCook: Display: CookSettings for Memory: MemoryMaxUsedVirtual 0MiB, MemoryMaxUsedPhysical 16384MiB, MemoryMinFreeVirtual 0MiB, MemoryMinFreePhysical 1024MiB
[2023.04.07-05.21.08:267][  0]LogCook: Display: Mobile HDR setting 0
[2023.04.07-05.21.08:507][  0]LogFileCache: Scanning file cache for directory 'C:/Users/Renan/Projects/UnrealProjects/ProjectModule28/Content/' took 0.01s
[2023.04.07-05.21.08:755][  0]LogInit: Display: Engine is initialized. Leaving FEngineLoop::Init()
[2023.04.07-05.21.08:759][  0]SourceControl: Source control is disabled
[2023.04.07-05.21.08:759][  0]LogUnrealEdMisc: Loading editor; pre map load, took 11.302
[2023.04.07-05.21.08:759][  0]Cmd: MAP LOAD FILE="../../../../../../Users/Renan/Projects/UnrealProjects/ProjectModule28/Content/2DSideScrollerBP/Maps/2DSideScrollerExampleMap.umap" TEMPLATE=0 SHOWPROGRESS=1 FEATURELEVEL=3
[2023.04.07-05.21.08:760][  0]LightingResults: New page: Lighting Build
[2023.04.07-05.21.08:762][  0]LogWorld: UWorld::CleanupWorld for Untitled, bSessionEnded=true, bCleanupResources=true
[2023.04.07-05.21.08:762][  0]LogSlate: InvalidateAllWidgets triggered.  All widgets were invalidated
[2023.04.07-05.21.08:762][  0]MapCheck: New page: Map Check
[2023.04.07-05.21.08:762][  0]LightingResults: New page: Lighting Build
[2023.04.07-05.21.08:769][  0]LogAudio: Display: Audio Device unregistered from world 'None'.
[2023.04.07-05.21.08:773][  0]LogUObjectHash: Compacting FUObjectHashTables data took   0.81ms
[2023.04.07-05.21.09:165][  0]LogAudio: Display: Audio Device (ID: 1) registered with world '2DSideScrollerExampleMap'.
[2023.04.07-05.21.09:166][  0]LogAIModule: Creating AISystem for world 2DSideScrollerExampleMap
[2023.04.07-05.21.09:176][  0]LogEditorServer: Finished looking for orphan Actors (0.000 secs)
[2023.04.07-05.21.09:188][  0]LogUObjectHash: Compacting FUObjectHashTables data took   1.60ms
[2023.04.07-05.21.09:189][  0]Cmd: MAP CHECKDEP NOCLEARLOG
[2023.04.07-05.21.09:189][  0]MapCheck: Map check complete: 0 Error(s), 0 Warning(s), took 0.166ms to complete.
[2023.04.07-05.21.09:189][  0]LogFileHelpers: Loading map '2DSideScrollerExampleMap' took 0.431
[2023.04.07-05.21.09:192][  0]LogUnrealEdMisc: Total Editor Startup Time, took 11.736
[2023.04.07-05.21.09:338][  0]LogSlate: Updating window title bar state: overlay mode, drag disabled, window buttons hidden, title bar hidden
[2023.04.07-05.21.09:344][  0]LogSlate: Updating window title bar state: overlay mode, drag disabled, window buttons hidden, title bar hidden
[2023.04.07-05.21.09:352][  0]LogSlate: Updating window title bar state: overlay mode, drag disabled, window buttons hidden, title bar hidden
[2023.04.07-05.21.09:361][  0]LogSlate: Updating window title bar state: overlay mode, drag disabled, window buttons hidden, title bar hidden
[2023.04.07-05.21.09:376][  0]LogNativeClassHierarchy: Verbose: Native class hierarchy populated in 0.0101 seconds. Added 3833 classes and 935 folders.
[2023.04.07-05.21.09:378][  0]LogNativeClassHierarchy: Verbose: Native class hierarchy updated for 'WidgetCarousel' in 0.0004 seconds. Added 0 classes and 0 folders.
[2023.04.07-05.21.09:380][  0]LogPakFile: PakFile PrimaryIndexSize=187
[2023.04.07-05.21.09:380][  0]LogPakFile: PakFile PathHashIndexSize=101
[2023.04.07-05.21.09:380][  0]LogPakFile: PakFile FullDirectoryIndexSize=148
[2023.04.07-05.21.09:380][  0]LogShaderLibrary: Display: ShaderCodeLibraryPakFileMountedCallback: PakFile 'C:/Program Files/Epic Games/UE_4.27/FeaturePacks/FP_FirstPerson.upack' (chunk index -1, root 'root:/') mounted
[2023.04.07-05.21.09:380][  0]LogShaderLibrary: Display: ShaderCodeLibraryPakFileMountedCallback: pending pak file info (ChunkID:-1 Root:root:/ File:C:/Program Files/Epic Games/UE_4.27/FeaturePacks/FP_FirstPerson.upack)
[2023.04.07-05.21.09:380][  0]LogPakFile: OnPakFileMounted2Time == 0.000071
[2023.04.07-05.21.09:381][  0]LogPakFile: PakFile PrimaryIndexSize=189
[2023.04.07-05.21.09:381][  0]LogPakFile: PakFile PathHashIndexSize=101
[2023.04.07-05.21.09:381][  0]LogPakFile: PakFile FullDirectoryIndexSize=152
[2023.04.07-05.21.09:381][  0]LogShaderLibrary: Display: ShaderCodeLibraryPakFileMountedCallback: PakFile 'C:/Program Files/Epic Games/UE_4.27/FeaturePacks/FP_FirstPersonBP.upack' (chunk index -1, root 'root:/') mounted
[2023.04.07-05.21.09:381][  0]LogShaderLibrary: Display: ShaderCodeLibraryPakFileMountedCallback: pending pak file info (ChunkID:-1 Root:root:/ File:C:/Program Files/Epic Games/UE_4.27/FeaturePacks/FP_FirstPersonBP.upack)
[2023.04.07-05.21.09:381][  0]LogPakFile: OnPakFileMounted2Time == 0.000055
[2023.04.07-05.21.09:381][  0]LogPakFile: PakFile PrimaryIndexSize=191
[2023.04.07-05.21.09:381][  0]LogPakFile: PakFile PathHashIndexSize=101
[2023.04.07-05.21.09:381][  0]LogPakFile: PakFile FullDirectoryIndexSize=160
[2023.04.07-05.21.09:382][  0]LogShaderLibrary: Display: ShaderCodeLibraryPakFileMountedCallback: PakFile 'C:/Program Files/Epic Games/UE_4.27/FeaturePacks/MobileStarterContent.upack' (chunk index -1, root 'root:/') mounted
[2023.04.07-05.21.09:382][  0]LogShaderLibrary: Display: ShaderCodeLibraryPakFileMountedCallback: pending pak file info (ChunkID:-1 Root:root:/ File:C:/Program Files/Epic Games/UE_4.27/FeaturePacks/MobileStarterContent.upack)
[2023.04.07-05.21.09:382][  0]LogPakFile: OnPakFileMounted2Time == 0.000052
[2023.04.07-05.21.09:382][  0]LogPakFile: PakFile PrimaryIndexSize=185
[2023.04.07-05.21.09:382][  0]LogPakFile: PakFile PathHashIndexSize=101
[2023.04.07-05.21.09:382][  0]LogPakFile: PakFile FullDirectoryIndexSize=148
[2023.04.07-05.21.09:382][  0]LogShaderLibrary: Display: ShaderCodeLibraryPakFileMountedCallback: PakFile 'C:/Program Files/Epic Games/UE_4.27/FeaturePacks/StarterContent.upack' (chunk index -1, root 'root:/') mounted
[2023.04.07-05.21.09:382][  0]LogShaderLibrary: Display: ShaderCodeLibraryPakFileMountedCallback: pending pak file info (ChunkID:-1 Root:root:/ File:C:/Program Files/Epic Games/UE_4.27/FeaturePacks/StarterContent.upack)
[2023.04.07-05.21.09:382][  0]LogPakFile: OnPakFileMounted2Time == 0.000057
[2023.04.07-05.21.09:383][  0]LogPakFile: PakFile PrimaryIndexSize=190
[2023.04.07-05.21.09:383][  0]LogPakFile: PakFile PathHashIndexSize=101
[2023.04.07-05.21.09:383][  0]LogPakFile: PakFile FullDirectoryIndexSize=154
[2023.04.07-05.21.09:383][  0]LogShaderLibrary: Display: ShaderCodeLibraryPakFileMountedCallback: PakFile 'C:/Program Files/Epic Games/UE_4.27/FeaturePacks/TP_2DSideScroller.upack' (chunk index -1, root 'root:/') mounted
[2023.04.07-05.21.09:383][  0]LogShaderLibrary: Display: ShaderCodeLibraryPakFileMountedCallback: pending pak file info (ChunkID:-1 Root:root:/ File:C:/Program Files/Epic Games/UE_4.27/FeaturePacks/TP_2DSideScroller.upack)
[2023.04.07-05.21.09:383][  0]LogPakFile: OnPakFileMounted2Time == 0.000034
[2023.04.07-05.21.09:383][  0]LogPakFile: PakFile PrimaryIndexSize=192
[2023.04.07-05.21.09:383][  0]LogPakFile: PakFile PathHashIndexSize=101
[2023.04.07-05.21.09:383][  0]LogPakFile: PakFile FullDirectoryIndexSize=158
[2023.04.07-05.21.09:383][  0]LogShaderLibrary: Display: ShaderCodeLibraryPakFileMountedCallback: PakFile 'C:/Program Files/Epic Games/UE_4.27/FeaturePacks/TP_2DSideScrollerBP.upack' (chunk index -1, root 'root:/') mounted
[2023.04.07-05.21.09:383][  0]LogShaderLibrary: Display: ShaderCodeLibraryPakFileMountedCallback: pending pak file info (ChunkID:-1 Root:root:/ File:C:/Program Files/Epic Games/UE_4.27/FeaturePacks/TP_2DSideScrollerBP.upack)
[2023.04.07-05.21.09:383][  0]LogPakFile: OnPakFileMounted2Time == 0.000044
[2023.04.07-05.21.09:384][  0]LogPakFile: PakFile PrimaryIndexSize=182
[2023.04.07-05.21.09:384][  0]LogPakFile: PakFile PathHashIndexSize=101
[2023.04.07-05.21.09:384][  0]LogPakFile: PakFile FullDirectoryIndexSize=138
[2023.04.07-05.21.09:384][  0]LogShaderLibrary: Display: ShaderCodeLibraryPakFileMountedCallback: PakFile 'C:/Program Files/Epic Games/UE_4.27/FeaturePacks/TP_Flying.upack' (chunk index -1, root 'root:/') mounted
[2023.04.07-05.21.09:384][  0]LogShaderLibrary: Display: ShaderCodeLibraryPakFileMountedCallback: pending pak file info (ChunkID:-1 Root:root:/ File:C:/Program Files/Epic Games/UE_4.27/FeaturePacks/TP_Flying.upack)
[2023.04.07-05.21.09:384][  0]LogPakFile: OnPakFileMounted2Time == 0.000032
[2023.04.07-05.21.09:384][  0]LogPakFile: PakFile PrimaryIndexSize=184
[2023.04.07-05.21.09:384][  0]LogPakFile: PakFile PathHashIndexSize=101
[2023.04.07-05.21.09:384][  0]LogPakFile: PakFile FullDirectoryIndexSize=142
[2023.04.07-05.21.09:384][  0]LogShaderLibrary: Display: ShaderCodeLibraryPakFileMountedCallback: PakFile 'C:/Program Files/Epic Games/UE_4.27/FeaturePacks/TP_FlyingBP.upack' (chunk index -1, root 'root:/') mounted
[2023.04.07-05.21.09:384][  0]LogShaderLibrary: Display: ShaderCodeLibraryPakFileMountedCallback: pending pak file info (ChunkID:-1 Root:root:/ File:C:/Program Files/Epic Games/UE_4.27/FeaturePacks/TP_FlyingBP.upack)
[2023.04.07-05.21.09:384][  0]LogPakFile: OnPakFileMounted2Time == 0.000036
[2023.04.07-05.21.09:385][  0]LogPakFile: PakFile PrimaryIndexSize=188
[2023.04.07-05.21.09:385][  0]LogPakFile: PakFile PathHashIndexSize=101
[2023.04.07-05.21.09:385][  0]LogPakFile: PakFile FullDirectoryIndexSize=150
[2023.04.07-05.21.09:385][  0]LogShaderLibrary: Display: ShaderCodeLibraryPakFileMountedCallback: PakFile 'C:/Program Files/Epic Games/UE_4.27/FeaturePacks/TP_HandheldARBP.upack' (chunk index -1, root 'root:/') mounted
[2023.04.07-05.21.09:385][  0]LogShaderLibrary: Display: ShaderCodeLibraryPakFileMountedCallback: pending pak file info (ChunkID:-1 Root:root:/ File:C:/Program Files/Epic Games/UE_4.27/FeaturePacks/TP_HandheldARBP.upack)
[2023.04.07-05.21.09:385][  0]LogPakFile: OnPakFileMounted2Time == 0.000037
[2023.04.07-05.21.09:385][  0]LogPakFile: PakFile PrimaryIndexSize=182
[2023.04.07-05.21.09:385][  0]LogPakFile: PakFile PathHashIndexSize=101
[2023.04.07-05.21.09:385][  0]LogPakFile: PakFile FullDirectoryIndexSize=138
[2023.04.07-05.21.09:385][  0]LogShaderLibrary: Display: ShaderCodeLibraryPakFileMountedCallback: PakFile 'C:/Program Files/Epic Games/UE_4.27/FeaturePacks/TP_Puzzle.upack' (chunk index -1, root 'root:/') mounted
[2023.04.07-05.21.09:385][  0]LogShaderLibrary: Display: ShaderCodeLibraryPakFileMountedCallback: pending pak file info (ChunkID:-1 Root:root:/ File:C:/Program Files/Epic Games/UE_4.27/FeaturePacks/TP_Puzzle.upack)
[2023.04.07-05.21.09:385][  0]LogPakFile: OnPakFileMounted2Time == 0.000032
[2023.04.07-05.21.09:386][  0]LogPakFile: PakFile PrimaryIndexSize=184
[2023.04.07-05.21.09:386][  0]LogPakFile: PakFile PathHashIndexSize=101
[2023.04.07-05.21.09:386][  0]LogPakFile: PakFile FullDirectoryIndexSize=142
[2023.04.07-05.21.09:386][  0]LogShaderLibrary: Display: ShaderCodeLibraryPakFileMountedCallback: PakFile 'C:/Program Files/Epic Games/UE_4.27/FeaturePacks/TP_PuzzleBP.upack' (chunk index -1, root 'root:/') mounted
[2023.04.07-05.21.09:386][  0]LogShaderLibrary: Display: ShaderCodeLibraryPakFileMountedCallback: pending pak file info (ChunkID:-1 Root:root:/ File:C:/Program Files/Epic Games/UE_4.27/FeaturePacks/TP_PuzzleBP.upack)
[2023.04.07-05.21.09:386][  0]LogPakFile: OnPakFileMounted2Time == 0.000041
[2023.04.07-05.21.09:386][  0]LogPakFile: PakFile PrimaryIndexSize=183
[2023.04.07-05.21.09:386][  0]LogPakFile: PakFile PathHashIndexSize=101
[2023.04.07-05.21.09:386][  0]LogPakFile: PakFile FullDirectoryIndexSize=140
[2023.04.07-05.21.09:386][  0]LogShaderLibrary: Display: ShaderCodeLibraryPakFileMountedCallback: PakFile 'C:/Program Files/Epic Games/UE_4.27/FeaturePacks/TP_Rolling.upack' (chunk index -1, root 'root:/') mounted
[2023.04.07-05.21.09:386][  0]LogShaderLibrary: Display: ShaderCodeLibraryPakFileMountedCallback: pending pak file info (ChunkID:-1 Root:root:/ File:C:/Program Files/Epic Games/UE_4.27/FeaturePacks/TP_Rolling.upack)
[2023.04.07-05.21.09:386][  0]LogPakFile: OnPakFileMounted2Time == 0.000034
[2023.04.07-05.21.09:387][  0]LogPakFile: PakFile PrimaryIndexSize=185
[2023.04.07-05.21.09:387][  0]LogPakFile: PakFile PathHashIndexSize=101
[2023.04.07-05.21.09:387][  0]LogPakFile: PakFile FullDirectoryIndexSize=144
[2023.04.07-05.21.09:387][  0]LogShaderLibrary: Display: ShaderCodeLibraryPakFileMountedCallback: PakFile 'C:/Program Files/Epic Games/UE_4.27/FeaturePacks/TP_RollingBP.upack' (chunk index -1, root 'root:/') mounted
[2023.04.07-05.21.09:387][  0]LogShaderLibrary: Display: ShaderCodeLibraryPakFileMountedCallback: pending pak file info (ChunkID:-1 Root:root:/ File:C:/Program Files/Epic Games/UE_4.27/FeaturePacks/TP_RollingBP.upack)
[2023.04.07-05.21.09:387][  0]LogPakFile: OnPakFileMounted2Time == 0.000033
[2023.04.07-05.21.09:387][  0]LogPakFile: PakFile PrimaryIndexSize=188
[2023.04.07-05.21.09:387][  0]LogPakFile: PakFile PathHashIndexSize=101
[2023.04.07-05.21.09:387][  0]LogPakFile: PakFile FullDirectoryIndexSize=150
[2023.04.07-05.21.09:387][  0]LogShaderLibrary: Display: ShaderCodeLibraryPakFileMountedCallback: PakFile 'C:/Program Files/Epic Games/UE_4.27/FeaturePacks/TP_SideScroller.upack' (chunk index -1, root 'root:/') mounted
[2023.04.07-05.21.09:387][  0]LogShaderLibrary: Display: ShaderCodeLibraryPakFileMountedCallback: pending pak file info (ChunkID:-1 Root:root:/ File:C:/Program Files/Epic Games/UE_4.27/FeaturePacks/TP_SideScroller.upack)
[2023.04.07-05.21.09:387][  0]LogPakFile: OnPakFileMounted2Time == 0.000041
[2023.04.07-05.21.09:388][  0]LogPakFile: PakFile PrimaryIndexSize=190
[2023.04.07-05.21.09:388][  0]LogPakFile: PakFile PathHashIndexSize=101
[2023.04.07-05.21.09:388][  0]LogPakFile: PakFile FullDirectoryIndexSize=154
[2023.04.07-05.21.09:388][  0]LogShaderLibrary: Display: ShaderCodeLibraryPakFileMountedCallback: PakFile 'C:/Program Files/Epic Games/UE_4.27/FeaturePacks/TP_SideScrollerBP.upack' (chunk index -1, root 'root:/') mounted
[2023.04.07-05.21.09:388][  0]LogShaderLibrary: Display: ShaderCodeLibraryPakFileMountedCallback: pending pak file info (ChunkID:-1 Root:root:/ File:C:/Program Files/Epic Games/UE_4.27/FeaturePacks/TP_SideScrollerBP.upack)
[2023.04.07-05.21.09:388][  0]LogPakFile: OnPakFileMounted2Time == 0.000033
[2023.04.07-05.21.09:388][  0]LogPakFile: PakFile PrimaryIndexSize=187
[2023.04.07-05.21.09:388][  0]LogPakFile: PakFile PathHashIndexSize=101
[2023.04.07-05.21.09:388][  0]LogPakFile: PakFile FullDirectoryIndexSize=148
[2023.04.07-05.21.09:388][  0]LogShaderLibrary: Display: ShaderCodeLibraryPakFileMountedCallback: PakFile 'C:/Program Files/Epic Games/UE_4.27/FeaturePacks/TP_ThirdPerson.upack' (chunk index -1, root 'root:/') mounted
[2023.04.07-05.21.09:388][  0]LogShaderLibrary: Display: ShaderCodeLibraryPakFileMountedCallback: pending pak file info (ChunkID:-1 Root:root:/ File:C:/Program Files/Epic Games/UE_4.27/FeaturePacks/TP_ThirdPerson.upack)
[2023.04.07-05.21.09:388][  0]LogPakFile: OnPakFileMounted2Time == 0.000032
[2023.04.07-05.21.09:388][  0]LogPakFile: PakFile PrimaryIndexSize=189
[2023.04.07-05.21.09:388][  0]LogPakFile: PakFile PathHashIndexSize=101
[2023.04.07-05.21.09:388][  0]LogPakFile: PakFile FullDirectoryIndexSize=152
[2023.04.07-05.21.09:388][  0]LogShaderLibrary: Display: ShaderCodeLibraryPakFileMountedCallback: PakFile 'C:/Program Files/Epic Games/UE_4.27/FeaturePacks/TP_ThirdPersonBP.upack' (chunk index -1, root 'root:/') mounted
[2023.04.07-05.21.09:388][  0]LogShaderLibrary: Display: ShaderCodeLibraryPakFileMountedCallback: pending pak file info (ChunkID:-1 Root:root:/ File:C:/Program Files/Epic Games/UE_4.27/FeaturePacks/TP_ThirdPersonBP.upack)
[2023.04.07-05.21.09:388][  0]LogPakFile: OnPakFileMounted2Time == 0.000034
[2023.04.07-05.21.09:389][  0]LogPakFile: PakFile PrimaryIndexSize=183
[2023.04.07-05.21.09:389][  0]LogPakFile: PakFile PathHashIndexSize=101
[2023.04.07-05.21.09:389][  0]LogPakFile: PakFile FullDirectoryIndexSize=140
[2023.04.07-05.21.09:389][  0]LogShaderLibrary: Display: ShaderCodeLibraryPakFileMountedCallback: PakFile 'C:/Program Files/Epic Games/UE_4.27/FeaturePacks/TP_TopDown.upack' (chunk index -1, root 'root:/') mounted
[2023.04.07-05.21.09:389][  0]LogShaderLibrary: Display: ShaderCodeLibraryPakFileMountedCallback: pending pak file info (ChunkID:-1 Root:root:/ File:C:/Program Files/Epic Games/UE_4.27/FeaturePacks/TP_TopDown.upack)
[2023.04.07-05.21.09:389][  0]LogPakFile: OnPakFileMounted2Time == 0.000048
[2023.04.07-05.21.09:390][  0]LogPakFile: PakFile PrimaryIndexSize=185
[2023.04.07-05.21.09:390][  0]LogPakFile: PakFile PathHashIndexSize=101
[2023.04.07-05.21.09:390][  0]LogPakFile: PakFile FullDirectoryIndexSize=144
[2023.04.07-05.21.09:390][  0]LogShaderLibrary: Display: ShaderCodeLibraryPakFileMountedCallback: PakFile 'C:/Program Files/Epic Games/UE_4.27/FeaturePacks/TP_TopDownBP.upack' (chunk index -1, root 'root:/') mounted
[2023.04.07-05.21.09:390][  0]LogShaderLibrary: Display: ShaderCodeLibraryPakFileMountedCallback: pending pak file info (ChunkID:-1 Root:root:/ File:C:/Program Files/Epic Games/UE_4.27/FeaturePacks/TP_TopDownBP.upack)
[2023.04.07-05.21.09:390][  0]LogPakFile: OnPakFileMounted2Time == 0.000032
[2023.04.07-05.21.09:390][  0]LogPakFile: PakFile PrimaryIndexSize=185
[2023.04.07-05.21.09:390][  0]LogPakFile: PakFile PathHashIndexSize=101
[2023.04.07-05.21.09:390][  0]LogPakFile: PakFile FullDirectoryIndexSize=144
[2023.04.07-05.21.09:390][  0]LogShaderLibrary: Display: ShaderCodeLibraryPakFileMountedCallback: PakFile 'C:/Program Files/Epic Games/UE_4.27/FeaturePacks/TP_TwinStick.upack' (chunk index -1, root 'root:/') mounted
[2023.04.07-05.21.09:390][  0]LogShaderLibrary: Display: ShaderCodeLibraryPakFileMountedCallback: pending pak file info (ChunkID:-1 Root:root:/ File:C:/Program Files/Epic Games/UE_4.27/FeaturePacks/TP_TwinStick.upack)
[2023.04.07-05.21.09:390][  0]LogPakFile: OnPakFileMounted2Time == 0.000036
[2023.04.07-05.21.09:391][  0]LogPakFile: PakFile PrimaryIndexSize=187
[2023.04.07-05.21.09:391][  0]LogPakFile: PakFile PathHashIndexSize=101
[2023.04.07-05.21.09:391][  0]LogPakFile: PakFile FullDirectoryIndexSize=148
[2023.04.07-05.21.09:391][  0]LogShaderLibrary: Display: ShaderCodeLibraryPakFileMountedCallback: PakFile 'C:/Program Files/Epic Games/UE_4.27/FeaturePacks/TP_TwinStickBP.upack' (chunk index -1, root 'root:/') mounted
[2023.04.07-05.21.09:391][  0]LogShaderLibrary: Display: ShaderCodeLibraryPakFileMountedCallback: pending pak file info (ChunkID:-1 Root:root:/ File:C:/Program Files/Epic Games/UE_4.27/FeaturePacks/TP_TwinStickBP.upack)
[2023.04.07-05.21.09:391][  0]LogPakFile: OnPakFileMounted2Time == 0.000050
[2023.04.07-05.21.09:391][  0]LogPakFile: PakFile PrimaryIndexSize=183
[2023.04.07-05.21.09:391][  0]LogPakFile: PakFile PathHashIndexSize=101
[2023.04.07-05.21.09:391][  0]LogPakFile: PakFile FullDirectoryIndexSize=140
[2023.04.07-05.21.09:391][  0]LogShaderLibrary: Display: ShaderCodeLibraryPakFileMountedCallback: PakFile 'C:/Program Files/Epic Games/UE_4.27/FeaturePacks/TP_Vehicle.upack' (chunk index -1, root 'root:/') mounted
[2023.04.07-05.21.09:391][  0]LogShaderLibrary: Display: ShaderCodeLibraryPakFileMountedCallback: pending pak file info (ChunkID:-1 Root:root:/ File:C:/Program Files/Epic Games/UE_4.27/FeaturePacks/TP_Vehicle.upack)
[2023.04.07-05.21.09:391][  0]LogPakFile: OnPakFileMounted2Time == 0.000031
[2023.04.07-05.21.09:391][  0]LogPakFile: PakFile PrimaryIndexSize=186
[2023.04.07-05.21.09:392][  0]LogPakFile: PakFile PathHashIndexSize=101
[2023.04.07-05.21.09:392][  0]LogPakFile: PakFile FullDirectoryIndexSize=146
[2023.04.07-05.21.09:392][  0]LogShaderLibrary: Display: ShaderCodeLibraryPakFileMountedCallback: PakFile 'C:/Program Files/Epic Games/UE_4.27/FeaturePacks/TP_VehicleAdv.upack' (chunk index -1, root 'root:/') mounted
[2023.04.07-05.21.09:392][  0]LogShaderLibrary: Display: ShaderCodeLibraryPakFileMountedCallback: pending pak file info (ChunkID:-1 Root:root:/ File:C:/Program Files/Epic Games/UE_4.27/FeaturePacks/TP_VehicleAdv.upack)
[2023.04.07-05.21.09:392][  0]LogPakFile: OnPakFileMounted2Time == 0.000043
[2023.04.07-05.21.09:392][  0]LogPakFile: PakFile PrimaryIndexSize=188
[2023.04.07-05.21.09:392][  0]LogPakFile: PakFile PathHashIndexSize=101
[2023.04.07-05.21.09:392][  0]LogPakFile: PakFile FullDirectoryIndexSize=150
[2023.04.07-05.21.09:392][  0]LogShaderLibrary: Display: ShaderCodeLibraryPakFileMountedCallback: PakFile 'C:/Program Files/Epic Games/UE_4.27/FeaturePacks/TP_VehicleAdvBP.upack' (chunk index -1, root 'root:/') mounted
[2023.04.07-05.21.09:392][  0]LogShaderLibrary: Display: ShaderCodeLibraryPakFileMountedCallback: pending pak file info (ChunkID:-1 Root:root:/ File:C:/Program Files/Epic Games/UE_4.27/FeaturePacks/TP_VehicleAdvBP.upack)
[2023.04.07-05.21.09:392][  0]LogPakFile: OnPakFileMounted2Time == 0.000032
[2023.04.07-05.21.09:393][  0]LogPakFile: PakFile PrimaryIndexSize=185
[2023.04.07-05.21.09:393][  0]LogPakFile: PakFile PathHashIndexSize=101
[2023.04.07-05.21.09:393][  0]LogPakFile: PakFile FullDirectoryIndexSize=144
[2023.04.07-05.21.09:393][  0]LogShaderLibrary: Display: ShaderCodeLibraryPakFileMountedCallback: PakFile 'C:/Program Files/Epic Games/UE_4.27/FeaturePacks/TP_VehicleBP.upack' (chunk index -1, root 'root:/') mounted
[2023.04.07-05.21.09:393][  0]LogShaderLibrary: Display: ShaderCodeLibraryPakFileMountedCallback: pending pak file info (ChunkID:-1 Root:root:/ File:C:/Program Files/Epic Games/UE_4.27/FeaturePacks/TP_VehicleBP.upack)
[2023.04.07-05.21.09:393][  0]LogPakFile: OnPakFileMounted2Time == 0.000043
[2023.04.07-05.21.09:393][  0]LogPakFile: PakFile PrimaryIndexSize=192
[2023.04.07-05.21.09:393][  0]LogPakFile: PakFile PathHashIndexSize=101
[2023.04.07-05.21.09:393][  0]LogPakFile: PakFile FullDirectoryIndexSize=158
[2023.04.07-05.21.09:393][  0]LogShaderLibrary: Display: ShaderCodeLibraryPakFileMountedCallback: PakFile 'C:/Program Files/Epic Games/UE_4.27/FeaturePacks/TP_VirtualRealityBP.upack' (chunk index -1, root 'root:/') mounted
[2023.04.07-05.21.09:393][  0]LogShaderLibrary: Display: ShaderCodeLibraryPakFileMountedCallback: pending pak file info (ChunkID:-1 Root:root:/ File:C:/Program Files/Epic Games/UE_4.27/FeaturePacks/TP_VirtualRealityBP.upack)
[2023.04.07-05.21.09:393][  0]LogPakFile: OnPakFileMounted2Time == 0.000052
[2023.04.07-05.21.09:475][  0]LogNativeClassHierarchy: Verbose: Native class hierarchy updated for 'AddContentDialog' in 0.0007 seconds. Added 0 classes and 0 folders.
[2023.04.07-05.21.09:478][  0]LogNativeClassHierarchy: Verbose: Native class hierarchy updated for 'SceneOutliner' in 0.0007 seconds. Added 2 classes and 0 folders.
[2023.04.07-05.21.09:511][  0]LogSlate: The tab "MoviePipelineQueue" attempted to spawn in layout 'UnrealEd_Layout_v1.4' but failed for some reason. It will not be displayed.
[2023.04.07-05.21.09:607][  0]LogSlate: Took 0.000301 seconds to synchronously load lazily loaded font '../../../Engine/Content/Slate/Fonts/Roboto-Regular.ttf' (155K)
[2023.04.07-05.21.09:609][  0]LogSlate: Took 0.000287 seconds to synchronously load lazily loaded font '../../../Engine/Content/Editor/Slate/Fonts/FontAwesome.ttf' (139K)
[2023.04.07-05.21.09:611][  0]LogSlate: Took 0.000283 seconds to synchronously load lazily loaded font '../../../Engine/Content/Slate/Fonts/Roboto-Bold.ttf' (160K)
[2023.04.07-05.21.09:769][  0]LogRenderer: Reallocating scene render targets to support 844x428 Format 10 NumSamples 1 (Frame:1).
[2023.04.07-05.21.09:920][  0]LogNativeClassHierarchy: Verbose: Native class hierarchy updated for 'HierarchicalLODOutliner' in 0.0003 seconds. Added 0 classes and 0 folders.
[2023.04.07-05.21.09:920][  0]LogLoad: (Engine Initialization) Total time: 12.46 seconds
[2023.04.07-05.21.09:920][  0]LogLoad: (Engine Initialization) Total Blueprint compile time: 0.00 seconds
[2023.04.07-05.21.09:982][  0]LogAssetRegistry: Asset discovery search completed in 7.5153 seconds
[2023.04.07-05.21.09:990][  0]LogCollectionManager: Fixed up redirectors for 0 collections in 0.000017 seconds (updated 0 objects)
[2023.04.07-05.21.09:993][  0]LogContentStreaming: Texture pool size now 1000 MB
[2023.04.07-05.21.10:612][  2]LogSlate: Took 0.000230 seconds to synchronously load lazily loaded font '../../../Engine/Content/Slate/Fonts/Roboto-Light.ttf' (167K)
[2023.04.07-05.21.11:269][  4]LogSlate: Took 0.000313 seconds to synchronously load lazily loaded font '../../../Engine/Content/Slate/Fonts/Roboto-Light.ttf' (167K)
